1.08205 0 0 4 0 cwnd_ 2.000 
1.18106 0 0 4 0 cwnd_ 3.000 
1.19770 0 0 4 0 cwnd_ 4.000 
1.28006 0 0 4 0 cwnd_ 5.000 
1.29670 0 0 4 0 cwnd_ 6.000 
1.31334 0 0 4 0 cwnd_ 7.000 
1.32998 0 0 4 0 cwnd_ 8.000 
1.41318 0 0 4 0 cwnd_ 9.000 
1.42982 0 0 4 0 cwnd_ 10.000 
1.44646 0 0 4 0 cwnd_ 11.000 
1.46310 0 0 4 0 cwnd_ 12.000 
1.47974 0 0 4 0 cwnd_ 13.000 
1.49638 0 0 4 0 cwnd_ 14.000 
1.51302 0 0 4 0 cwnd_ 15.000 
1.52966 0 0 4 0 cwnd_ 16.000 
1.67942 0 0 4 0 cwnd_ 17.000 
1.69606 0 0 4 0 cwnd_ 18.000 
1.71270 0 0 4 0 cwnd_ 19.000 
1.72934 0 0 4 0 cwnd_ 20.000 
1.74598 0 0 4 0 cwnd_ 21.000 
1.76262 0 0 4 0 cwnd_ 22.000 
1.77926 0 0 4 0 cwnd_ 23.000 
1.79590 0 0 4 0 cwnd_ 24.000 
1.81254 0 0 4 0 cwnd_ 25.000 
1.82918 0 0 4 0 cwnd_ 26.000 
1.84582 0 0 4 0 cwnd_ 27.000 
1.86246 0 0 4 0 cwnd_ 28.000 
1.87910 0 0 4 0 cwnd_ 29.000 
1.89574 0 0 4 0 cwnd_ 30.000 
1.91238 0 0 4 0 cwnd_ 31.000 
1.92902 0 0 4 0 cwnd_ 32.000 
2.21190 0 0 4 0 cwnd_ 33.000 
2.22854 0 0 4 0 cwnd_ 34.000 
2.24518 0 0 4 0 cwnd_ 35.000 
2.26182 0 0 4 0 cwnd_ 36.000 
2.27846 0 0 4 0 cwnd_ 37.000 
2.29510 0 0 4 0 cwnd_ 38.000 
2.31174 0 0 4 0 cwnd_ 39.000 
2.32838 0 0 4 0 cwnd_ 40.000 
2.34502 0 0 4 0 cwnd_ 41.000 
2.36166 0 0 4 0 cwnd_ 42.000 
2.37830 0 0 4 0 cwnd_ 43.000 
2.39494 0 0 4 0 cwnd_ 44.000 
2.41158 0 0 4 0 cwnd_ 45.000 
2.42822 0 0 4 0 cwnd_ 46.000 
2.44486 0 0 4 0 cwnd_ 47.000 
2.46150 0 0 4 0 cwnd_ 48.000 
2.47814 0 0 4 0 cwnd_ 49.000 
2.49478 0 0 4 0 cwnd_ 50.000 
2.51142 0 0 4 0 cwnd_ 51.000 
2.52806 0 0 4 0 cwnd_ 52.000 
2.54470 0 0 4 0 cwnd_ 53.000 
2.56134 0 0 4 0 cwnd_ 54.000 
2.57798 0 0 4 0 cwnd_ 55.000 
2.59462 0 0 4 0 cwnd_ 56.000 
2.61126 0 0 4 0 cwnd_ 57.000 
2.62790 0 0 4 0 cwnd_ 58.000 
2.64454 0 0 4 0 cwnd_ 59.000 
2.66118 0 0 4 0 cwnd_ 60.000 
2.67782 0 0 4 0 cwnd_ 61.000 
2.69446 0 0 4 0 cwnd_ 62.000 
2.71110 0 0 4 0 cwnd_ 63.000 
2.72774 0 0 4 0 cwnd_ 64.000 
3.16038 0 0 4 0 cwnd_ 32.000 
3.97038 0 0 4 0 cwnd_ 1.000 
3.99238 0 0 4 0 cwnd_ 2.000 
4.10139 0 0 4 0 cwnd_ 3.000 
4.21040 0 0 4 0 cwnd_ 4.000 
4.24368 0 0 4 0 cwnd_ 5.000 
4.34352 0 0 4 0 cwnd_ 6.000 
4.37680 0 0 4 0 cwnd_ 7.000 
4.41008 0 0 4 0 cwnd_ 8.000 
4.52656 0 0 4 0 cwnd_ 9.000 
4.55984 0 0 4 0 cwnd_ 10.000 
4.59312 0 0 4 0 cwnd_ 11.000 
4.62640 0 0 4 0 cwnd_ 12.000 
4.65968 0 0 4 0 cwnd_ 13.000 
4.79280 0 0 4 0 cwnd_ 14.000 
4.82608 0 0 4 0 cwnd_ 15.000 
4.85936 0 0 4 0 cwnd_ 16.000 
4.89264 0 0 4 0 cwnd_ 16.062 
4.92592 0 0 4 0 cwnd_ 16.125 
4.95920 0 0 4 0 cwnd_ 16.187 
4.99248 0 0 4 0 cwnd_ 16.249 
5.14224 0 0 4 0 cwnd_ 16.310 
5.17552 0 0 4 0 cwnd_ 16.371 
5.20880 0 0 4 0 cwnd_ 16.432 
5.24208 0 0 4 0 cwnd_ 16.493 
5.27536 0 0 4 0 cwnd_ 16.554 
5.30864 0 0 4 0 cwnd_ 16.614 
5.34192 0 0 4 0 cwnd_ 16.675 
5.37520 0 0 4 0 cwnd_ 16.735 
5.54160 0 0 4 0 cwnd_ 16.794 
5.57488 0 0 4 0 cwnd_ 16.854 
5.60816 0 0 4 0 cwnd_ 16.913 
5.65808 0 0 4 0 cwnd_ 16.972 
5.69136 0 0 4 0 cwnd_ 17.031 
5.72464 0 0 4 0 cwnd_ 17.090 
5.77456 0 0 4 0 cwnd_ 17.148 
5.79120 0 0 4 0 cwnd_ 17.207 
5.80784 0 0 4 0 cwnd_ 17.265 
5.82448 0 0 4 0 cwnd_ 17.323 
5.90768 0 0 4 0 cwnd_ 17.381 
5.92432 0 0 4 0 cwnd_ 17.438 
5.94096 0 0 4 0 cwnd_ 17.495 
5.95760 0 0 4 0 cwnd_ 17.553 
5.97424 0 0 4 0 cwnd_ 17.610 
5.99088 0 0 4 0 cwnd_ 17.666 
6.00752 0 0 4 0 cwnd_ 17.723 
6.02416 0 0 4 0 cwnd_ 17.779 
6.04080 0 0 4 0 cwnd_ 17.836 
6.05744 0 0 4 0 cwnd_ 17.892 
6.07408 0 0 4 0 cwnd_ 17.948 
6.09072 0 0 4 0 cwnd_ 18.003 
6.10736 0 0 4 0 cwnd_ 18.059 
6.12400 0 0 4 0 cwnd_ 18.114 
6.14064 0 0 4 0 cwnd_ 18.169 
6.15728 0 0 4 0 cwnd_ 18.224 
6.17392 0 0 4 0 cwnd_ 18.279 
6.27376 0 0 4 0 cwnd_ 18.334 
6.29040 0 0 4 0 cwnd_ 18.389 
6.30704 0 0 4 0 cwnd_ 18.443 
6.32368 0 0 4 0 cwnd_ 18.497 
6.34032 0 0 4 0 cwnd_ 18.551 
6.35696 0 0 4 0 cwnd_ 18.605 
6.37360 0 0 4 0 cwnd_ 18.659 
6.39024 0 0 4 0 cwnd_ 18.712 
6.40688 0 0 4 0 cwnd_ 18.766 
6.42352 0 0 4 0 cwnd_ 18.819 
6.44016 0 0 4 0 cwnd_ 18.872 
6.45680 0 0 4 0 cwnd_ 18.925 
6.47344 0 0 4 0 cwnd_ 18.978 
6.49008 0 0 4 0 cwnd_ 19.031 
6.50672 0 0 4 0 cwnd_ 19.083 
6.52336 0 0 4 0 cwnd_ 19.136 
6.54000 0 0 4 0 cwnd_ 19.188 
6.55664 0 0 4 0 cwnd_ 19.240 
6.68976 0 0 4 0 cwnd_ 19.292 
6.70640 0 0 4 0 cwnd_ 19.344 
6.72304 0 0 4 0 cwnd_ 19.396 
6.73968 0 0 4 0 cwnd_ 19.447 
6.75632 0 0 4 0 cwnd_ 19.499 
6.77296 0 0 4 0 cwnd_ 19.550 
6.78960 0 0 4 0 cwnd_ 19.601 
6.80624 0 0 4 0 cwnd_ 19.652 
6.82288 0 0 4 0 cwnd_ 19.703 
6.83952 0 0 4 0 cwnd_ 19.754 
6.85616 0 0 4 0 cwnd_ 19.804 
6.87280 0 0 4 0 cwnd_ 19.855 
6.88944 0 0 4 0 cwnd_ 19.905 
6.90608 0 0 4 0 cwnd_ 19.955 
6.92272 0 0 4 0 cwnd_ 20.006 
6.93936 0 0 4 0 cwnd_ 20.056 
6.95600 0 0 4 0 cwnd_ 20.105 
6.97264 0 0 4 0 cwnd_ 20.155 
6.98928 0 0 4 0 cwnd_ 20.205 
7.17232 0 0 4 0 cwnd_ 20.254 
7.18896 0 0 4 0 cwnd_ 20.304 
7.20560 0 0 4 0 cwnd_ 20.353 
7.22224 0 0 4 0 cwnd_ 20.402 
7.23888 0 0 4 0 cwnd_ 20.451 
7.25552 0 0 4 0 cwnd_ 20.500 
7.27216 0 0 4 0 cwnd_ 20.549 
7.28880 0 0 4 0 cwnd_ 20.597 
7.30544 0 0 4 0 cwnd_ 20.646 
7.32208 0 0 4 0 cwnd_ 20.694 
7.33872 0 0 4 0 cwnd_ 20.743 
7.35536 0 0 4 0 cwnd_ 20.791 
7.37200 0 0 4 0 cwnd_ 20.839 
7.38864 0 0 4 0 cwnd_ 20.887 
7.40528 0 0 4 0 cwnd_ 20.935 
7.42192 0 0 4 0 cwnd_ 20.983 
7.43856 0 0 4 0 cwnd_ 21.030 
7.45520 0 0 4 0 cwnd_ 21.078 
7.47184 0 0 4 0 cwnd_ 21.125 
7.48848 0 0 4 0 cwnd_ 21.173 
7.70480 0 0 4 0 cwnd_ 21.220 
7.72144 0 0 4 0 cwnd_ 21.267 
7.73808 0 0 4 0 cwnd_ 21.314 
7.75472 0 0 4 0 cwnd_ 21.361 
7.77136 0 0 4 0 cwnd_ 21.408 
7.78800 0 0 4 0 cwnd_ 21.454 
7.80464 0 0 4 0 cwnd_ 21.501 
7.82128 0 0 4 0 cwnd_ 21.548 
7.83792 0 0 4 0 cwnd_ 21.594 
7.85456 0 0 4 0 cwnd_ 21.640 
7.87120 0 0 4 0 cwnd_ 21.687 
7.88784 0 0 4 0 cwnd_ 21.733 
7.90448 0 0 4 0 cwnd_ 21.779 
7.92112 0 0 4 0 cwnd_ 21.825 
7.93776 0 0 4 0 cwnd_ 21.870 
7.95440 0 0 4 0 cwnd_ 21.916 
7.97104 0 0 4 0 cwnd_ 21.962 
7.98768 0 0 4 0 cwnd_ 22.007 
8.00432 0 0 4 0 cwnd_ 22.053 
8.02096 0 0 4 0 cwnd_ 22.098 
8.03760 0 0 4 0 cwnd_ 22.143 
8.33712 0 0 4 0 cwnd_ 22.188 
8.35376 0 0 4 0 cwnd_ 22.234 
8.37040 0 0 4 0 cwnd_ 22.278 
8.38704 0 0 4 0 cwnd_ 22.323 
8.40368 0 0 4 0 cwnd_ 22.368 
8.42032 0 0 4 0 cwnd_ 22.413 
8.43696 0 0 4 0 cwnd_ 22.458 
8.45360 0 0 4 0 cwnd_ 22.502 
8.47024 0 0 4 0 cwnd_ 22.546 
8.48688 0 0 4 0 cwnd_ 22.591 
8.50352 0 0 4 0 cwnd_ 22.635 
8.52016 0 0 4 0 cwnd_ 22.679 
8.53680 0 0 4 0 cwnd_ 22.723 
8.55344 0 0 4 0 cwnd_ 22.767 
8.57008 0 0 4 0 cwnd_ 22.811 
8.58672 0 0 4 0 cwnd_ 22.855 
8.60336 0 0 4 0 cwnd_ 22.899 
8.62000 0 0 4 0 cwnd_ 22.943 
8.63664 0 0 4 0 cwnd_ 22.986 
8.65328 0 0 4 0 cwnd_ 23.030 
8.66992 0 0 4 0 cwnd_ 23.073 
8.68656 0 0 4 0 cwnd_ 23.116 
8.90288 0 0 4 0 cwnd_ 23.160 
8.91952 0 0 4 0 cwnd_ 23.203 
8.93616 0 0 4 0 cwnd_ 23.246 
8.95280 0 0 4 0 cwnd_ 23.289 
8.96944 0 0 4 0 cwnd_ 23.332 
8.98608 0 0 4 0 cwnd_ 23.375 
9.00272 0 0 4 0 cwnd_ 23.418 
9.01936 0 0 4 0 cwnd_ 23.460 
9.03600 0 0 4 0 cwnd_ 23.503 
9.05264 0 0 4 0 cwnd_ 23.545 
9.06928 0 0 4 0 cwnd_ 23.588 
9.08592 0 0 4 0 cwnd_ 23.630 
9.10256 0 0 4 0 cwnd_ 23.673 
9.11920 0 0 4 0 cwnd_ 23.715 
9.13584 0 0 4 0 cwnd_ 23.757 
9.15248 0 0 4 0 cwnd_ 23.799 
9.16912 0 0 4 0 cwnd_ 23.841 
9.18576 0 0 4 0 cwnd_ 23.883 
9.20240 0 0 4 0 cwnd_ 23.925 
9.21904 0 0 4 0 cwnd_ 23.967 
9.23568 0 0 4 0 cwnd_ 24.008 
9.25232 0 0 4 0 cwnd_ 24.050 
9.26896 0 0 4 0 cwnd_ 24.092 
9.50192 0 0 4 0 cwnd_ 24.133 
9.51856 0 0 4 0 cwnd_ 24.175 
9.53520 0 0 4 0 cwnd_ 24.216 
9.55184 0 0 4 0 cwnd_ 24.257 
9.56848 0 0 4 0 cwnd_ 24.299 
9.58512 0 0 4 0 cwnd_ 24.340 
9.60176 0 0 4 0 cwnd_ 24.381 
9.61840 0 0 4 0 cwnd_ 24.422 
9.63504 0 0 4 0 cwnd_ 24.463 
9.65168 0 0 4 0 cwnd_ 24.504 
9.66832 0 0 4 0 cwnd_ 24.544 
9.68496 0 0 4 0 cwnd_ 24.585 
9.70160 0 0 4 0 cwnd_ 24.626 
9.71824 0 0 4 0 cwnd_ 24.666 
9.73488 0 0 4 0 cwnd_ 24.707 
9.75152 0 0 4 0 cwnd_ 24.747 
9.76816 0 0 4 0 cwnd_ 24.788 
9.78480 0 0 4 0 cwnd_ 24.828 
9.80144 0 0 4 0 cwnd_ 24.868 
9.81808 0 0 4 0 cwnd_ 24.909 
9.83472 0 0 4 0 cwnd_ 24.949 
9.85136 0 0 4 0 cwnd_ 24.989 
9.86800 0 0 4 0 cwnd_ 25.029 
9.88464 0 0 4 0 cwnd_ 25.069 
10.13424 0 0 4 0 cwnd_ 25.109 
10.15088 0 0 4 0 cwnd_ 25.149 
10.16752 0 0 4 0 cwnd_ 25.188 
10.18416 0 0 4 0 cwnd_ 25.228 
10.20080 0 0 4 0 cwnd_ 25.268 
10.21744 0 0 4 0 cwnd_ 25.307 
10.23408 0 0 4 0 cwnd_ 25.347 
10.25072 0 0 4 0 cwnd_ 25.386 
10.26736 0 0 4 0 cwnd_ 25.426 
10.28400 0 0 4 0 cwnd_ 25.465 
10.30064 0 0 4 0 cwnd_ 25.504 
10.31728 0 0 4 0 cwnd_ 25.543 
10.33392 0 0 4 0 cwnd_ 25.583 
10.35056 0 0 4 0 cwnd_ 25.622 
10.36720 0 0 4 0 cwnd_ 25.661 
10.38384 0 0 4 0 cwnd_ 25.700 
10.40048 0 0 4 0 cwnd_ 25.739 
10.41712 0 0 4 0 cwnd_ 25.777 
10.43376 0 0 4 0 cwnd_ 25.816 
10.45040 0 0 4 0 cwnd_ 25.855 
10.46704 0 0 4 0 cwnd_ 25.894 
10.48368 0 0 4 0 cwnd_ 25.932 
10.50032 0 0 4 0 cwnd_ 25.971 
10.51696 0 0 4 0 cwnd_ 26.009 
10.53360 0 0 4 0 cwnd_ 26.048 
10.79984 0 0 4 0 cwnd_ 26.086 
10.81648 0 0 4 0 cwnd_ 26.125 
10.83312 0 0 4 0 cwnd_ 26.163 
10.84976 0 0 4 0 cwnd_ 26.201 
10.86640 0 0 4 0 cwnd_ 26.239 
10.88304 0 0 4 0 cwnd_ 26.277 
10.89968 0 0 4 0 cwnd_ 26.315 
10.91632 0 0 4 0 cwnd_ 26.353 
10.93296 0 0 4 0 cwnd_ 26.391 
10.94960 0 0 4 0 cwnd_ 26.429 
10.96624 0 0 4 0 cwnd_ 26.467 
10.98288 0 0 4 0 cwnd_ 26.505 
10.99952 0 0 4 0 cwnd_ 26.543 
11.01616 0 0 4 0 cwnd_ 26.580 
11.03280 0 0 4 0 cwnd_ 26.618 
11.04944 0 0 4 0 cwnd_ 26.655 
11.06608 0 0 4 0 cwnd_ 26.693 
11.08272 0 0 4 0 cwnd_ 26.730 
11.09936 0 0 4 0 cwnd_ 26.768 
11.11600 0 0 4 0 cwnd_ 26.805 
11.13264 0 0 4 0 cwnd_ 26.842 
11.14928 0 0 4 0 cwnd_ 26.880 
11.16592 0 0 4 0 cwnd_ 26.917 
11.18256 0 0 4 0 cwnd_ 26.954 
11.19920 0 0 4 0 cwnd_ 26.991 
11.21584 0 0 4 0 cwnd_ 27.028 
11.49872 0 0 4 0 cwnd_ 27.065 
11.51536 0 0 4 0 cwnd_ 27.102 
11.53200 0 0 4 0 cwnd_ 27.139 
11.54864 0 0 4 0 cwnd_ 27.176 
11.56528 0 0 4 0 cwnd_ 27.213 
11.58192 0 0 4 0 cwnd_ 27.249 
11.59856 0 0 4 0 cwnd_ 27.286 
11.61520 0 0 4 0 cwnd_ 27.323 
11.63184 0 0 4 0 cwnd_ 27.359 
11.64848 0 0 4 0 cwnd_ 27.396 
11.66512 0 0 4 0 cwnd_ 27.432 
11.68176 0 0 4 0 cwnd_ 27.469 
11.69840 0 0 4 0 cwnd_ 27.505 
11.71504 0 0 4 0 cwnd_ 27.542 
11.73168 0 0 4 0 cwnd_ 27.578 
11.74832 0 0 4 0 cwnd_ 27.614 
11.76496 0 0 4 0 cwnd_ 27.650 
11.78160 0 0 4 0 cwnd_ 27.687 
11.79824 0 0 4 0 cwnd_ 27.723 
11.81488 0 0 4 0 cwnd_ 27.759 
11.83152 0 0 4 0 cwnd_ 27.795 
11.84816 0 0 4 0 cwnd_ 27.831 
11.86480 0 0 4 0 cwnd_ 27.867 
11.88144 0 0 4 0 cwnd_ 27.903 
11.89808 0 0 4 0 cwnd_ 27.938 
11.91472 0 0 4 0 cwnd_ 27.974 
11.93136 0 0 4 0 cwnd_ 28.010 
12.23088 0 0 4 0 cwnd_ 28.046 
12.24752 0 0 4 0 cwnd_ 28.081 
12.26416 0 0 4 0 cwnd_ 28.117 
12.28080 0 0 4 0 cwnd_ 28.153 
12.29744 0 0 4 0 cwnd_ 28.188 
12.31408 0 0 4 0 cwnd_ 28.224 
12.33072 0 0 4 0 cwnd_ 28.259 
12.34736 0 0 4 0 cwnd_ 28.294 
12.36400 0 0 4 0 cwnd_ 28.330 
12.38064 0 0 4 0 cwnd_ 28.365 
12.39728 0 0 4 0 cwnd_ 28.400 
12.41392 0 0 4 0 cwnd_ 28.435 
12.43056 0 0 4 0 cwnd_ 28.471 
12.44720 0 0 4 0 cwnd_ 28.506 
12.46384 0 0 4 0 cwnd_ 28.541 
12.48048 0 0 4 0 cwnd_ 28.576 
12.49712 0 0 4 0 cwnd_ 28.611 
12.51376 0 0 4 0 cwnd_ 28.646 
12.53040 0 0 4 0 cwnd_ 28.681 
12.54704 0 0 4 0 cwnd_ 28.716 
12.56368 0 0 4 0 cwnd_ 28.750 
12.58032 0 0 4 0 cwnd_ 28.785 
12.59696 0 0 4 0 cwnd_ 28.820 
12.61360 0 0 4 0 cwnd_ 28.855 
12.63024 0 0 4 0 cwnd_ 28.889 
12.64688 0 0 4 0 cwnd_ 28.924 
12.66352 0 0 4 0 cwnd_ 28.958 
12.68016 0 0 4 0 cwnd_ 28.993 
12.99632 0 0 4 0 cwnd_ 29.028 
13.01296 0 0 4 0 cwnd_ 29.062 
13.02960 0 0 4 0 cwnd_ 29.096 
13.04624 0 0 4 0 cwnd_ 29.131 
13.06288 0 0 4 0 cwnd_ 29.165 
13.07952 0 0 4 0 cwnd_ 29.199 
13.09616 0 0 4 0 cwnd_ 29.234 
13.11280 0 0 4 0 cwnd_ 29.268 
13.12944 0 0 4 0 cwnd_ 29.302 
13.14608 0 0 4 0 cwnd_ 29.336 
13.16272 0 0 4 0 cwnd_ 29.370 
13.17936 0 0 4 0 cwnd_ 29.404 
13.19600 0 0 4 0 cwnd_ 29.438 
13.21264 0 0 4 0 cwnd_ 29.472 
13.22928 0 0 4 0 cwnd_ 29.506 
13.24592 0 0 4 0 cwnd_ 29.540 
13.26256 0 0 4 0 cwnd_ 29.574 
13.27920 0 0 4 0 cwnd_ 29.608 
13.29584 0 0 4 0 cwnd_ 29.641 
13.31248 0 0 4 0 cwnd_ 29.675 
13.32912 0 0 4 0 cwnd_ 29.709 
13.34576 0 0 4 0 cwnd_ 29.743 
13.36240 0 0 4 0 cwnd_ 29.776 
13.37904 0 0 4 0 cwnd_ 29.810 
13.39568 0 0 4 0 cwnd_ 29.843 
13.41232 0 0 4 0 cwnd_ 29.877 
13.42896 0 0 4 0 cwnd_ 29.910 
13.44560 0 0 4 0 cwnd_ 29.944 
13.77840 0 0 4 0 cwnd_ 29.977 
13.79504 0 0 4 0 cwnd_ 30.010 
13.81168 0 0 4 0 cwnd_ 30.044 
13.82832 0 0 4 0 cwnd_ 30.077 
13.84496 0 0 4 0 cwnd_ 30.110 
13.86160 0 0 4 0 cwnd_ 30.144 
13.87824 0 0 4 0 cwnd_ 30.177 
13.89488 0 0 4 0 cwnd_ 30.210 
13.91152 0 0 4 0 cwnd_ 30.243 
13.92816 0 0 4 0 cwnd_ 30.276 
13.94480 0 0 4 0 cwnd_ 30.309 
13.96144 0 0 4 0 cwnd_ 30.342 
13.97808 0 0 4 0 cwnd_ 30.375 
13.99472 0 0 4 0 cwnd_ 30.408 
14.01136 0 0 4 0 cwnd_ 30.441 
14.02800 0 0 4 0 cwnd_ 30.474 
14.04464 0 0 4 0 cwnd_ 30.506 
14.06128 0 0 4 0 cwnd_ 30.539 
14.07792 0 0 4 0 cwnd_ 30.572 
14.09456 0 0 4 0 cwnd_ 30.605 
14.11120 0 0 4 0 cwnd_ 30.637 
14.12784 0 0 4 0 cwnd_ 30.670 
14.14448 0 0 4 0 cwnd_ 30.703 
14.16112 0 0 4 0 cwnd_ 30.735 
14.17776 0 0 4 0 cwnd_ 30.768 
14.19440 0 0 4 0 cwnd_ 30.800 
14.21104 0 0 4 0 cwnd_ 30.833 
14.22768 0 0 4 0 cwnd_ 30.865 
14.24432 0 0 4 0 cwnd_ 30.898 
14.59376 0 0 4 0 cwnd_ 30.930 
14.61040 0 0 4 0 cwnd_ 30.962 
14.62704 0 0 4 0 cwnd_ 30.995 
14.64368 0 0 4 0 cwnd_ 31.027 
14.66032 0 0 4 0 cwnd_ 31.059 
14.67696 0 0 4 0 cwnd_ 31.091 
14.69360 0 0 4 0 cwnd_ 31.123 
14.71024 0 0 4 0 cwnd_ 31.156 
14.72688 0 0 4 0 cwnd_ 31.188 
14.74352 0 0 4 0 cwnd_ 31.220 
14.76016 0 0 4 0 cwnd_ 31.252 
14.77680 0 0 4 0 cwnd_ 31.284 
14.79344 0 0 4 0 cwnd_ 31.316 
14.81008 0 0 4 0 cwnd_ 31.348 
14.82672 0 0 4 0 cwnd_ 31.380 
14.84336 0 0 4 0 cwnd_ 31.411 
14.86000 0 0 4 0 cwnd_ 31.443 
14.87664 0 0 4 0 cwnd_ 31.475 
14.89328 0 0 4 0 cwnd_ 31.507 
14.90992 0 0 4 0 cwnd_ 31.539 
14.92656 0 0 4 0 cwnd_ 31.570 
14.94320 0 0 4 0 cwnd_ 31.602 
14.95984 0 0 4 0 cwnd_ 31.634 
14.97648 0 0 4 0 cwnd_ 31.665 
14.99312 0 0 4 0 cwnd_ 31.697 
15.00976 0 0 4 0 cwnd_ 31.728 
15.02640 0 0 4 0 cwnd_ 31.760 
15.04304 0 0 4 0 cwnd_ 31.791 
15.05968 0 0 4 0 cwnd_ 31.823 
15.07632 0 0 4 0 cwnd_ 31.854 
15.44240 0 0 4 0 cwnd_ 31.886 
15.45904 0 0 4 0 cwnd_ 31.917 
15.47568 0 0 4 0 cwnd_ 31.948 
15.49232 0 0 4 0 cwnd_ 31.980 
15.50896 0 0 4 0 cwnd_ 32.011 
15.52560 0 0 4 0 cwnd_ 32.042 
15.54224 0 0 4 0 cwnd_ 32.073 
15.55888 0 0 4 0 cwnd_ 32.104 
15.57552 0 0 4 0 cwnd_ 32.136 
15.59216 0 0 4 0 cwnd_ 32.167 
15.60880 0 0 4 0 cwnd_ 32.198 
15.62544 0 0 4 0 cwnd_ 32.229 
15.64208 0 0 4 0 cwnd_ 32.260 
15.65872 0 0 4 0 cwnd_ 32.291 
15.67536 0 0 4 0 cwnd_ 32.322 
15.69200 0 0 4 0 cwnd_ 32.353 
15.70864 0 0 4 0 cwnd_ 32.384 
15.72528 0 0 4 0 cwnd_ 32.415 
15.74192 0 0 4 0 cwnd_ 32.445 
15.75856 0 0 4 0 cwnd_ 32.476 
15.77520 0 0 4 0 cwnd_ 32.507 
15.79184 0 0 4 0 cwnd_ 32.538 
15.80848 0 0 4 0 cwnd_ 32.569 
15.82512 0 0 4 0 cwnd_ 32.599 
15.84176 0 0 4 0 cwnd_ 32.630 
15.85840 0 0 4 0 cwnd_ 32.661 
15.87504 0 0 4 0 cwnd_ 32.691 
15.89168 0 0 4 0 cwnd_ 32.722 
15.90832 0 0 4 0 cwnd_ 32.752 
15.92496 0 0 4 0 cwnd_ 32.783 
15.94160 0 0 4 0 cwnd_ 32.813 
16.32432 0 0 4 0 cwnd_ 32.844 
16.34096 0 0 4 0 cwnd_ 32.874 
16.35760 0 0 4 0 cwnd_ 32.905 
16.37424 0 0 4 0 cwnd_ 32.935 
16.39088 0 0 4 0 cwnd_ 32.965 
16.40752 0 0 4 0 cwnd_ 32.996 
16.42416 0 0 4 0 cwnd_ 33.026 
16.44080 0 0 4 0 cwnd_ 33.056 
16.45744 0 0 4 0 cwnd_ 33.087 
16.47408 0 0 4 0 cwnd_ 33.117 
16.49072 0 0 4 0 cwnd_ 33.147 
16.50736 0 0 4 0 cwnd_ 33.177 
16.52400 0 0 4 0 cwnd_ 33.207 
16.54064 0 0 4 0 cwnd_ 33.238 
16.55728 0 0 4 0 cwnd_ 33.268 
16.57392 0 0 4 0 cwnd_ 33.298 
16.59056 0 0 4 0 cwnd_ 33.328 
16.60720 0 0 4 0 cwnd_ 33.358 
16.62384 0 0 4 0 cwnd_ 33.388 
16.64048 0 0 4 0 cwnd_ 33.418 
16.65712 0 0 4 0 cwnd_ 33.448 
16.67376 0 0 4 0 cwnd_ 33.477 
16.69040 0 0 4 0 cwnd_ 33.507 
16.70704 0 0 4 0 cwnd_ 33.537 
16.72368 0 0 4 0 cwnd_ 33.567 
16.74032 0 0 4 0 cwnd_ 33.597 
16.75696 0 0 4 0 cwnd_ 33.627 
16.77360 0 0 4 0 cwnd_ 33.656 
16.79024 0 0 4 0 cwnd_ 33.686 
16.80688 0 0 4 0 cwnd_ 33.716 
16.82352 0 0 4 0 cwnd_ 33.745 
16.84016 0 0 4 0 cwnd_ 33.775 
17.27280 0 0 4 0 cwnd_ 16.887 
19.50256 0 0 4 0 cwnd_ 16.947 
19.51920 0 0 4 0 cwnd_ 17.006 
19.53584 0 0 4 0 cwnd_ 17.065 
19.55248 0 0 4 0 cwnd_ 17.123 
19.56912 0 0 4 0 cwnd_ 17.182 
19.58576 0 0 4 0 cwnd_ 17.240 
19.60240 0 0 4 0 cwnd_ 17.298 
19.61904 0 0 4 0 cwnd_ 17.356 
19.63568 0 0 4 0 cwnd_ 17.413 
19.65232 0 0 4 0 cwnd_ 17.471 
19.66896 0 0 4 0 cwnd_ 17.528 
19.68560 0 0 4 0 cwnd_ 17.585 
19.70224 0 0 4 0 cwnd_ 17.642 
19.71888 0 0 4 0 cwnd_ 17.698 
19.73552 0 0 4 0 cwnd_ 17.755 
20.20144 0 0 4 0 cwnd_ 17.811 
20.21808 0 0 4 0 cwnd_ 17.867 
20.23472 0 0 4 0 cwnd_ 17.923 
20.25136 0 0 4 0 cwnd_ 17.979 
20.26800 0 0 4 0 cwnd_ 18.035 
20.28464 0 0 4 0 cwnd_ 18.090 
20.30128 0 0 4 0 cwnd_ 18.145 
20.31792 0 0 4 0 cwnd_ 18.201 
20.33456 0 0 4 0 cwnd_ 18.256 
20.35120 0 0 4 0 cwnd_ 18.310 
20.36784 0 0 4 0 cwnd_ 18.365 
20.38448 0 0 4 0 cwnd_ 18.419 
20.40112 0 0 4 0 cwnd_ 18.474 
20.41776 0 0 4 0 cwnd_ 18.528 
20.43440 0 0 4 0 cwnd_ 18.582 
20.45104 0 0 4 0 cwnd_ 18.636 
20.46768 0 0 4 0 cwnd_ 18.689 
20.93360 0 0 4 0 cwnd_ 18.743 
20.95024 0 0 4 0 cwnd_ 18.796 
20.96688 0 0 4 0 cwnd_ 18.849 
20.98352 0 0 4 0 cwnd_ 18.902 
21.00016 0 0 4 0 cwnd_ 18.955 
21.01680 0 0 4 0 cwnd_ 19.008 
21.03344 0 0 4 0 cwnd_ 19.061 
21.05008 0 0 4 0 cwnd_ 19.113 
21.06672 0 0 4 0 cwnd_ 19.165 
21.08336 0 0 4 0 cwnd_ 19.218 
21.10000 0 0 4 0 cwnd_ 19.270 
21.11664 0 0 4 0 cwnd_ 19.322 
21.13328 0 0 4 0 cwnd_ 19.373 
21.14992 0 0 4 0 cwnd_ 19.425 
21.16656 0 0 4 0 cwnd_ 19.476 
21.18320 0 0 4 0 cwnd_ 19.528 
21.19984 0 0 4 0 cwnd_ 19.579 
21.21648 0 0 4 0 cwnd_ 19.630 
21.69904 0 0 4 0 cwnd_ 19.681 
21.71568 0 0 4 0 cwnd_ 19.732 
21.73232 0 0 4 0 cwnd_ 19.782 
21.74896 0 0 4 0 cwnd_ 19.833 
21.76560 0 0 4 0 cwnd_ 19.883 
21.78224 0 0 4 0 cwnd_ 19.934 
21.79888 0 0 4 0 cwnd_ 19.984 
21.81552 0 0 4 0 cwnd_ 20.034 
21.83216 0 0 4 0 cwnd_ 20.084 
21.84880 0 0 4 0 cwnd_ 20.134 
21.86544 0 0 4 0 cwnd_ 20.183 
21.88208 0 0 4 0 cwnd_ 20.233 
21.89872 0 0 4 0 cwnd_ 20.282 
21.91536 0 0 4 0 cwnd_ 20.332 
21.93200 0 0 4 0 cwnd_ 20.381 
21.94864 0 0 4 0 cwnd_ 20.430 
21.96528 0 0 4 0 cwnd_ 20.479 
21.98192 0 0 4 0 cwnd_ 20.528 
21.99856 0 0 4 0 cwnd_ 20.576 
22.49776 0 0 4 0 cwnd_ 20.625 
22.51440 0 0 4 0 cwnd_ 20.673 
22.53104 0 0 4 0 cwnd_ 20.722 
22.54768 0 0 4 0 cwnd_ 20.770 
22.56432 0 0 4 0 cwnd_ 20.818 
22.58096 0 0 4 0 cwnd_ 20.866 
22.59760 0 0 4 0 cwnd_ 20.914 
22.61424 0 0 4 0 cwnd_ 20.962 
22.63088 0 0 4 0 cwnd_ 21.010 
22.64752 0 0 4 0 cwnd_ 21.057 
22.66416 0 0 4 0 cwnd_ 21.105 
22.68080 0 0 4 0 cwnd_ 21.152 
22.69744 0 0 4 0 cwnd_ 21.199 
22.71408 0 0 4 0 cwnd_ 21.247 
22.73072 0 0 4 0 cwnd_ 21.294 
22.74736 0 0 4 0 cwnd_ 21.341 
22.76400 0 0 4 0 cwnd_ 21.387 
22.78064 0 0 4 0 cwnd_ 21.434 
22.79728 0 0 4 0 cwnd_ 21.481 
22.81392 0 0 4 0 cwnd_ 21.527 
23.32976 0 0 4 0 cwnd_ 21.574 
23.34640 0 0 4 0 cwnd_ 21.620 
23.36304 0 0 4 0 cwnd_ 21.666 
23.37968 0 0 4 0 cwnd_ 21.713 
23.39632 0 0 4 0 cwnd_ 21.759 
23.41296 0 0 4 0 cwnd_ 21.805 
23.42960 0 0 4 0 cwnd_ 21.851 
23.44624 0 0 4 0 cwnd_ 21.896 
23.46288 0 0 4 0 cwnd_ 21.942 
23.47952 0 0 4 0 cwnd_ 21.988 
23.49616 0 0 4 0 cwnd_ 22.033 
23.51280 0 0 4 0 cwnd_ 22.078 
23.52944 0 0 4 0 cwnd_ 22.124 
23.54608 0 0 4 0 cwnd_ 22.169 
23.56272 0 0 4 0 cwnd_ 22.214 
23.57936 0 0 4 0 cwnd_ 22.259 
23.59600 0 0 4 0 cwnd_ 22.304 
23.61264 0 0 4 0 cwnd_ 22.349 
23.62928 0 0 4 0 cwnd_ 22.394 
23.64592 0 0 4 0 cwnd_ 22.438 
23.66256 0 0 4 0 cwnd_ 22.483 
24.19504 0 0 4 0 cwnd_ 22.527 
24.21168 0 0 4 0 cwnd_ 22.572 
24.22832 0 0 4 0 cwnd_ 22.616 
24.24496 0 0 4 0 cwnd_ 22.660 
24.26160 0 0 4 0 cwnd_ 22.704 
24.27824 0 0 4 0 cwnd_ 22.748 
24.29488 0 0 4 0 cwnd_ 22.792 
24.31152 0 0 4 0 cwnd_ 22.836 
24.32816 0 0 4 0 cwnd_ 22.880 
24.34480 0 0 4 0 cwnd_ 22.924 
24.36144 0 0 4 0 cwnd_ 22.967 
24.37808 0 0 4 0 cwnd_ 23.011 
24.39472 0 0 4 0 cwnd_ 23.054 
24.41136 0 0 4 0 cwnd_ 23.098 
24.42800 0 0 4 0 cwnd_ 23.141 
24.44464 0 0 4 0 cwnd_ 23.184 
24.46128 0 0 4 0 cwnd_ 23.227 
24.47792 0 0 4 0 cwnd_ 23.270 
24.49456 0 0 4 0 cwnd_ 23.313 
24.51120 0 0 4 0 cwnd_ 23.356 
24.52784 0 0 4 0 cwnd_ 23.399 
24.54448 0 0 4 0 cwnd_ 23.442 
25.09360 0 0 4 0 cwnd_ 23.484 
25.11024 0 0 4 0 cwnd_ 23.527 
25.12688 0 0 4 0 cwnd_ 23.569 
25.14352 0 0 4 0 cwnd_ 23.612 
25.16016 0 0 4 0 cwnd_ 23.654 
25.17680 0 0 4 0 cwnd_ 23.697 
25.19344 0 0 4 0 cwnd_ 23.739 
25.21008 0 0 4 0 cwnd_ 23.781 
25.22672 0 0 4 0 cwnd_ 23.823 
25.24336 0 0 4 0 cwnd_ 23.865 
25.26000 0 0 4 0 cwnd_ 23.907 
25.27664 0 0 4 0 cwnd_ 23.949 
25.29328 0 0 4 0 cwnd_ 23.990 
25.34320 0 0 4 0 cwnd_ 11.995 
26.97392 0 0 4 0 cwnd_ 12.079 
26.99056 0 0 4 0 cwnd_ 12.161 
27.58960 0 0 4 0 cwnd_ 12.244 
27.60624 0 0 4 0 cwnd_ 12.325 
27.62288 0 0 4 0 cwnd_ 12.406 
27.63952 0 0 4 0 cwnd_ 12.487 
27.65616 0 0 4 0 cwnd_ 12.567 
27.67280 0 0 4 0 cwnd_ 12.647 
27.68944 0 0 4 0 cwnd_ 12.726 
27.70608 0 0 4 0 cwnd_ 12.804 
27.72272 0 0 4 0 cwnd_ 12.882 
27.73936 0 0 4 0 cwnd_ 12.960 
27.75600 0 0 4 0 cwnd_ 13.037 
27.77264 0 0 4 0 cwnd_ 13.114 
28.38832 0 0 4 0 cwnd_ 13.190 
28.40496 0 0 4 0 cwnd_ 13.266 
28.42160 0 0 4 0 cwnd_ 13.341 
28.43824 0 0 4 0 cwnd_ 13.416 
28.45488 0 0 4 0 cwnd_ 13.491 
28.47152 0 0 4 0 cwnd_ 13.565 
28.48816 0 0 4 0 cwnd_ 13.639 
28.50480 0 0 4 0 cwnd_ 13.712 
28.52144 0 0 4 0 cwnd_ 13.785 
28.53808 0 0 4 0 cwnd_ 13.857 
28.55472 0 0 4 0 cwnd_ 13.930 
28.57136 0 0 4 0 cwnd_ 14.001 
28.58800 0 0 4 0 cwnd_ 14.073 
29.22032 0 0 4 0 cwnd_ 14.144 
29.23696 0 0 4 0 cwnd_ 14.215 
29.25360 0 0 4 0 cwnd_ 14.285 
29.27024 0 0 4 0 cwnd_ 14.355 
29.28688 0 0 4 0 cwnd_ 14.425 
29.30352 0 0 4 0 cwnd_ 14.494 
29.32016 0 0 4 0 cwnd_ 14.563 
29.33680 0 0 4 0 cwnd_ 14.632 
29.35344 0 0 4 0 cwnd_ 14.700 
29.37008 0 0 4 0 cwnd_ 14.768 
29.38672 0 0 4 0 cwnd_ 14.836 
29.40336 0 0 4 0 cwnd_ 14.903 
29.42000 0 0 4 0 cwnd_ 14.970 
29.43664 0 0 4 0 cwnd_ 15.037 
30.08560 0 0 4 0 cwnd_ 15.103 
30.10224 0 0 4 0 cwnd_ 15.170 
30.11888 0 0 4 0 cwnd_ 15.236 
30.13552 0 0 4 0 cwnd_ 15.301 
30.15216 0 0 4 0 cwnd_ 15.367 
30.16880 0 0 4 0 cwnd_ 15.432 
30.18544 0 0 4 0 cwnd_ 15.496 
30.20208 0 0 4 0 cwnd_ 15.561 
30.21872 0 0 4 0 cwnd_ 15.625 
30.23536 0 0 4 0 cwnd_ 15.689 
30.25200 0 0 4 0 cwnd_ 15.753 
30.26864 0 0 4 0 cwnd_ 15.817 
30.28528 0 0 4 0 cwnd_ 15.880 
30.30192 0 0 4 0 cwnd_ 15.943 
30.31856 0 0 4 0 cwnd_ 16.005 
30.98416 0 0 4 0 cwnd_ 16.068 
31.00080 0 0 4 0 cwnd_ 16.130 
31.01744 0 0 4 0 cwnd_ 16.192 
31.03408 0 0 4 0 cwnd_ 16.254 
31.05072 0 0 4 0 cwnd_ 16.315 
31.06736 0 0 4 0 cwnd_ 16.377 
31.08400 0 0 4 0 cwnd_ 16.438 
31.10064 0 0 4 0 cwnd_ 16.499 
31.11728 0 0 4 0 cwnd_ 16.559 
31.13392 0 0 4 0 cwnd_ 16.620 
31.15056 0 0 4 0 cwnd_ 16.680 
31.16720 0 0 4 0 cwnd_ 16.740 
31.18384 0 0 4 0 cwnd_ 16.799 
31.20048 0 0 4 0 cwnd_ 16.859 
31.21712 0 0 4 0 cwnd_ 16.918 
31.23376 0 0 4 0 cwnd_ 16.977 
31.93264 0 0 4 0 cwnd_ 8.489 
32.53168 0 0 4 0 cwnd_ 8.607 
32.54832 0 0 4 0 cwnd_ 8.723 
32.56496 0 0 4 0 cwnd_ 8.837 
32.58160 0 0 4 0 cwnd_ 8.951 
32.59824 0 0 4 0 cwnd_ 9.062 
32.61488 0 0 4 0 cwnd_ 9.173 
32.96432 0 0 4 0 cwnd_ 9.282 
32.98096 0 0 4 0 cwnd_ 9.389 
32.99760 0 0 4 0 cwnd_ 9.496 
33.01424 0 0 4 0 cwnd_ 9.601 
33.03088 0 0 4 0 cwnd_ 9.705 
33.04752 0 0 4 0 cwnd_ 9.808 
33.06416 0 0 4 0 cwnd_ 9.910 
33.08080 0 0 4 0 cwnd_ 10.011 
33.09744 0 0 4 0 cwnd_ 10.111 
33.46352 0 0 4 0 cwnd_ 10.210 
33.48016 0 0 4 0 cwnd_ 10.308 
33.49680 0 0 4 0 cwnd_ 10.405 
33.51344 0 0 4 0 cwnd_ 10.501 
33.53008 0 0 4 0 cwnd_ 10.596 
33.54672 0 0 4 0 cwnd_ 10.691 
33.56336 0 0 4 0 cwnd_ 10.784 
33.58000 0 0 4 0 cwnd_ 10.877 
33.59664 0 0 4 0 cwnd_ 10.969 
33.61328 0 0 4 0 cwnd_ 11.060 
33.99600 0 0 4 0 cwnd_ 11.150 
34.01264 0 0 4 0 cwnd_ 11.240 
34.02928 0 0 4 0 cwnd_ 11.329 
34.04592 0 0 4 0 cwnd_ 11.417 
34.06256 0 0 4 0 cwnd_ 11.505 
34.07920 0 0 4 0 cwnd_ 11.592 
34.09584 0 0 4 0 cwnd_ 11.678 
34.11248 0 0 4 0 cwnd_ 11.764 
34.12912 0 0 4 0 cwnd_ 11.849 
34.14576 0 0 4 0 cwnd_ 11.933 
34.16240 0 0 4 0 cwnd_ 12.017 
34.56176 0 0 4 0 cwnd_ 12.100 
34.57840 0 0 4 0 cwnd_ 12.183 
34.59504 0 0 4 0 cwnd_ 12.265 
34.61168 0 0 4 0 cwnd_ 12.346 
34.62832 0 0 4 0 cwnd_ 12.427 
34.64496 0 0 4 0 cwnd_ 12.508 
34.66160 0 0 4 0 cwnd_ 12.588 
34.67824 0 0 4 0 cwnd_ 12.667 
34.69488 0 0 4 0 cwnd_ 12.746 
34.71152 0 0 4 0 cwnd_ 12.825 
34.72816 0 0 4 0 cwnd_ 12.903 
34.74480 0 0 4 0 cwnd_ 12.980 
35.16080 0 0 4 0 cwnd_ 13.057 
35.17744 0 0 4 0 cwnd_ 13.134 
35.19408 0 0 4 0 cwnd_ 13.210 
35.21072 0 0 4 0 cwnd_ 13.286 
35.22736 0 0 4 0 cwnd_ 13.361 
35.24400 0 0 4 0 cwnd_ 13.436 
35.26064 0 0 4 0 cwnd_ 13.510 
35.27728 0 0 4 0 cwnd_ 13.584 
35.29392 0 0 4 0 cwnd_ 13.658 
35.31056 0 0 4 0 cwnd_ 13.731 
35.32720 0 0 4 0 cwnd_ 13.804 
35.34384 0 0 4 0 cwnd_ 13.876 
35.77648 0 0 4 0 cwnd_ 13.948 
35.79312 0 0 4 0 cwnd_ 14.020 
35.80976 0 0 4 0 cwnd_ 14.091 
35.82640 0 0 4 0 cwnd_ 14.162 
35.84304 0 0 4 0 cwnd_ 14.233 
35.85968 0 0 4 0 cwnd_ 14.303 
35.87632 0 0 4 0 cwnd_ 14.373 
35.89296 0 0 4 0 cwnd_ 14.443 
35.90960 0 0 4 0 cwnd_ 14.512 
35.92624 0 0 4 0 cwnd_ 14.581 
35.94288 0 0 4 0 cwnd_ 14.649 
35.95952 0 0 4 0 cwnd_ 14.718 
35.97616 0 0 4 0 cwnd_ 14.786 
36.42544 0 0 4 0 cwnd_ 14.853 
36.44208 0 0 4 0 cwnd_ 14.921 
36.45872 0 0 4 0 cwnd_ 14.988 
36.47536 0 0 4 0 cwnd_ 15.054 
36.49200 0 0 4 0 cwnd_ 15.121 
36.50864 0 0 4 0 cwnd_ 15.187 
36.52528 0 0 4 0 cwnd_ 15.253 
36.54192 0 0 4 0 cwnd_ 15.318 
36.55856 0 0 4 0 cwnd_ 15.384 
36.57520 0 0 4 0 cwnd_ 15.449 
36.59184 0 0 4 0 cwnd_ 15.513 
36.60848 0 0 4 0 cwnd_ 15.578 
36.62512 0 0 4 0 cwnd_ 15.642 
36.64176 0 0 4 0 cwnd_ 15.706 
37.10768 0 0 4 0 cwnd_ 15.770 
37.12432 0 0 4 0 cwnd_ 15.833 
37.14096 0 0 4 0 cwnd_ 15.896 
37.15760 0 0 4 0 cwnd_ 15.959 
37.17424 0 0 4 0 cwnd_ 16.022 
37.19088 0 0 4 0 cwnd_ 16.084 
37.20752 0 0 4 0 cwnd_ 16.146 
37.22416 0 0 4 0 cwnd_ 16.208 
37.24080 0 0 4 0 cwnd_ 16.270 
37.25744 0 0 4 0 cwnd_ 16.331 
37.27408 0 0 4 0 cwnd_ 16.393 
37.29072 0 0 4 0 cwnd_ 16.454 
37.30736 0 0 4 0 cwnd_ 16.514 
37.32400 0 0 4 0 cwnd_ 16.575 
37.34064 0 0 4 0 cwnd_ 16.635 
37.82320 0 0 4 0 cwnd_ 16.695 
37.83984 0 0 4 0 cwnd_ 16.755 
37.85648 0 0 4 0 cwnd_ 16.815 
37.87312 0 0 4 0 cwnd_ 16.874 
37.88976 0 0 4 0 cwnd_ 16.934 
37.90640 0 0 4 0 cwnd_ 16.993 
37.92304 0 0 4 0 cwnd_ 17.052 
37.93968 0 0 4 0 cwnd_ 17.110 
37.95632 0 0 4 0 cwnd_ 17.169 
37.97296 0 0 4 0 cwnd_ 17.227 
37.98960 0 0 4 0 cwnd_ 17.285 
38.00624 0 0 4 0 cwnd_ 17.343 
38.02288 0 0 4 0 cwnd_ 17.401 
38.03952 0 0 4 0 cwnd_ 17.458 
38.05616 0 0 4 0 cwnd_ 17.515 
38.07280 0 0 4 0 cwnd_ 17.572 
38.57200 0 0 4 0 cwnd_ 17.629 
38.58864 0 0 4 0 cwnd_ 17.686 
38.60528 0 0 4 0 cwnd_ 17.743 
38.62192 0 0 4 0 cwnd_ 17.799 
38.63856 0 0 4 0 cwnd_ 17.855 
38.65520 0 0 4 0 cwnd_ 17.911 
38.67184 0 0 4 0 cwnd_ 17.967 
38.68848 0 0 4 0 cwnd_ 18.023 
38.70512 0 0 4 0 cwnd_ 18.078 
38.72176 0 0 4 0 cwnd_ 18.133 
38.73840 0 0 4 0 cwnd_ 18.189 
38.75504 0 0 4 0 cwnd_ 18.244 
38.77168 0 0 4 0 cwnd_ 18.298 
38.78832 0 0 4 0 cwnd_ 18.353 
38.80496 0 0 4 0 cwnd_ 18.407 
38.82160 0 0 4 0 cwnd_ 18.462 
38.83824 0 0 4 0 cwnd_ 18.516 
39.35408 0 0 4 0 cwnd_ 18.570 
39.37072 0 0 4 0 cwnd_ 18.624 
39.38736 0 0 4 0 cwnd_ 18.678 
39.40400 0 0 4 0 cwnd_ 18.731 
39.42064 0 0 4 0 cwnd_ 18.784 
39.43728 0 0 4 0 cwnd_ 18.838 
39.45392 0 0 4 0 cwnd_ 18.891 
39.47056 0 0 4 0 cwnd_ 18.944 
39.48720 0 0 4 0 cwnd_ 18.996 
39.50384 0 0 4 0 cwnd_ 19.049 
39.52048 0 0 4 0 cwnd_ 19.102 
39.53712 0 0 4 0 cwnd_ 19.154 
39.55376 0 0 4 0 cwnd_ 19.206 
39.57040 0 0 4 0 cwnd_ 19.258 
39.58704 0 0 4 0 cwnd_ 19.310 
39.60368 0 0 4 0 cwnd_ 19.362 
39.62032 0 0 4 0 cwnd_ 19.414 
39.63696 0 0 4 0 cwnd_ 19.465 
40.16944 0 0 4 0 cwnd_ 19.516 
40.18608 0 0 4 0 cwnd_ 19.568 
40.20272 0 0 4 0 cwnd_ 19.619 
40.21936 0 0 4 0 cwnd_ 19.670 
40.23600 0 0 4 0 cwnd_ 19.721 
40.25264 0 0 4 0 cwnd_ 19.771 
40.26928 0 0 4 0 cwnd_ 19.822 
40.28592 0 0 4 0 cwnd_ 19.872 
40.30256 0 0 4 0 cwnd_ 19.923 
40.31920 0 0 4 0 cwnd_ 19.973 
40.33584 0 0 4 0 cwnd_ 20.023 
40.35248 0 0 4 0 cwnd_ 20.073 
40.36912 0 0 4 0 cwnd_ 20.123 
40.38576 0 0 4 0 cwnd_ 20.172 
40.40240 0 0 4 0 cwnd_ 20.222 
40.41904 0 0 4 0 cwnd_ 20.271 
40.43568 0 0 4 0 cwnd_ 20.321 
40.45232 0 0 4 0 cwnd_ 20.370 
40.46896 0 0 4 0 cwnd_ 20.419 
41.01808 0 0 4 0 cwnd_ 20.468 
41.03472 0 0 4 0 cwnd_ 20.517 
41.05136 0 0 4 0 cwnd_ 20.566 
41.06800 0 0 4 0 cwnd_ 20.614 
41.08464 0 0 4 0 cwnd_ 20.663 
41.10128 0 0 4 0 cwnd_ 20.711 
41.11792 0 0 4 0 cwnd_ 20.759 
41.13456 0 0 4 0 cwnd_ 20.808 
41.15120 0 0 4 0 cwnd_ 20.856 
41.16784 0 0 4 0 cwnd_ 20.904 
41.18448 0 0 4 0 cwnd_ 20.951 
41.20112 0 0 4 0 cwnd_ 20.999 
41.21776 0 0 4 0 cwnd_ 21.047 
41.23440 0 0 4 0 cwnd_ 21.094 
41.25104 0 0 4 0 cwnd_ 21.142 
41.26768 0 0 4 0 cwnd_ 21.189 
41.28432 0 0 4 0 cwnd_ 21.236 
41.30096 0 0 4 0 cwnd_ 21.283 
41.31760 0 0 4 0 cwnd_ 21.330 
41.33424 0 0 4 0 cwnd_ 21.377 
41.90000 0 0 4 0 cwnd_ 21.424 
41.91664 0 0 4 0 cwnd_ 21.471 
41.93328 0 0 4 0 cwnd_ 21.517 
41.94992 0 0 4 0 cwnd_ 21.564 
41.96656 0 0 4 0 cwnd_ 21.610 
41.98320 0 0 4 0 cwnd_ 21.656 
41.99984 0 0 4 0 cwnd_ 21.703 
42.01648 0 0 4 0 cwnd_ 21.749 
42.03312 0 0 4 0 cwnd_ 21.795 
42.04976 0 0 4 0 cwnd_ 21.840 
42.06640 0 0 4 0 cwnd_ 21.886 
42.08304 0 0 4 0 cwnd_ 21.932 
42.09968 0 0 4 0 cwnd_ 21.978 
42.11632 0 0 4 0 cwnd_ 22.023 
42.13296 0 0 4 0 cwnd_ 22.068 
42.14960 0 0 4 0 cwnd_ 22.114 
42.16624 0 0 4 0 cwnd_ 22.159 
42.18288 0 0 4 0 cwnd_ 22.204 
42.19952 0 0 4 0 cwnd_ 22.249 
42.21616 0 0 4 0 cwnd_ 22.294 
42.23280 0 0 4 0 cwnd_ 22.339 
42.84848 0 0 4 0 cwnd_ 11.169 
44.96704 0 0 4 0 cwnd_ 1.000 
45.27792 0 0 4 0 cwnd_ 2.000 
45.29456 0 0 4 0 cwnd_ 3.000 
45.31120 0 0 4 0 cwnd_ 4.000 
45.32784 0 0 4 0 cwnd_ 5.000 
45.34448 0 0 4 0 cwnd_ 5.200 
45.36112 0 0 4 0 cwnd_ 5.392 
45.37776 0 0 4 0 cwnd_ 5.578 
45.39440 0 0 4 0 cwnd_ 5.757 
45.41104 0 0 4 0 cwnd_ 5.931 
45.42768 0 0 4 0 cwnd_ 6.099 
46.25968 0 0 4 0 cwnd_ 6.263 
46.27632 0 0 4 0 cwnd_ 6.423 
46.29296 0 0 4 0 cwnd_ 6.579 
46.30960 0 0 4 0 cwnd_ 6.731 
46.32624 0 0 4 0 cwnd_ 6.879 
47.02512 0 0 4 0 cwnd_ 3.440 
48.47280 0 0 4 0 cwnd_ 3.730 
48.48944 0 0 4 0 cwnd_ 3.998 
49.20496 0 0 4 0 cwnd_ 4.249 
49.22160 0 0 4 0 cwnd_ 4.484 
49.23824 0 0 4 0 cwnd_ 4.707 
49.95376 0 0 4 0 cwnd_ 4.919 
49.97040 0 0 4 0 cwnd_ 5.123 
49.98704 0 0 4 0 cwnd_ 5.318 
50.00368 0 0 4 0 cwnd_ 5.506 
50.73584 0 0 4 0 cwnd_ 5.688 
50.75248 0 0 4 0 cwnd_ 5.863 
50.76912 0 0 4 0 cwnd_ 6.034 
50.78576 0 0 4 0 cwnd_ 6.200 
50.80240 0 0 4 0 cwnd_ 6.361 
51.55120 0 0 4 0 cwnd_ 6.518 
51.56784 0 0 4 0 cwnd_ 6.672 
51.58448 0 0 4 0 cwnd_ 6.821 
51.60112 0 0 4 0 cwnd_ 6.968 
51.61776 0 0 4 0 cwnd_ 7.112 
51.63440 0 0 4 0 cwnd_ 7.252 
52.39984 0 0 4 0 cwnd_ 7.390 
52.41648 0 0 4 0 cwnd_ 7.525 
52.43312 0 0 4 0 cwnd_ 7.658 
52.44976 0 0 4 0 cwnd_ 7.789 
52.46640 0 0 4 0 cwnd_ 7.917 
52.48304 0 0 4 0 cwnd_ 8.044 
52.49968 0 0 4 0 cwnd_ 8.168 
53.28176 0 0 4 0 cwnd_ 8.290 
53.29840 0 0 4 0 cwnd_ 8.411 
53.31504 0 0 4 0 cwnd_ 8.530 
53.33168 0 0 4 0 cwnd_ 8.647 
53.34832 0 0 4 0 cwnd_ 8.763 
53.36496 0 0 4 0 cwnd_ 8.877 
53.38160 0 0 4 0 cwnd_ 8.989 
53.39824 0 0 4 0 cwnd_ 9.101 
54.23024 0 0 4 0 cwnd_ 4.550 
56.22880 0 0 4 0 cwnd_ 1.000 
56.85936 0 0 4 0 cwnd_ 2.000 
56.87600 0 0 4 0 cwnd_ 2.500 
56.89264 0 0 4 0 cwnd_ 2.900 
57.77456 0 0 4 0 cwnd_ 3.245 
57.79120 0 0 4 0 cwnd_ 3.553 
58.70640 0 0 4 0 cwnd_ 1.777 
59.18896 0 0 4 0 cwnd_ 2.777 
59.67152 0 0 4 0 cwnd_ 3.137 
59.68816 0 0 4 0 cwnd_ 3.455 
60.18736 0 0 4 0 cwnd_ 3.745 
60.20400 0 0 4 0 cwnd_ 4.012 
60.22064 0 0 4 0 cwnd_ 4.261 
60.73648 0 0 4 0 cwnd_ 4.496 
60.75312 0 0 4 0 cwnd_ 4.718 
60.76976 0 0 4 0 cwnd_ 4.930 
60.78640 0 0 4 0 cwnd_ 5.133 
61.31888 0 0 4 0 cwnd_ 5.328 
61.33552 0 0 4 0 cwnd_ 5.516 
61.35216 0 0 4 0 cwnd_ 5.697 
61.36880 0 0 4 0 cwnd_ 5.872 
61.38544 0 0 4 0 cwnd_ 6.043 
61.93456 0 0 4 0 cwnd_ 6.208 
61.95120 0 0 4 0 cwnd_ 6.369 
61.96784 0 0 4 0 cwnd_ 6.526 
61.98448 0 0 4 0 cwnd_ 6.679 
62.00112 0 0 4 0 cwnd_ 6.829 
62.01776 0 0 4 0 cwnd_ 6.976 
62.58352 0 0 4 0 cwnd_ 7.119 
62.60016 0 0 4 0 cwnd_ 7.259 
62.61680 0 0 4 0 cwnd_ 7.397 
62.63344 0 0 4 0 cwnd_ 7.532 
62.65008 0 0 4 0 cwnd_ 7.665 
62.66672 0 0 4 0 cwnd_ 7.796 
63.24912 0 0 4 0 cwnd_ 7.924 
63.26576 0 0 4 0 cwnd_ 8.050 
63.28240 0 0 4 0 cwnd_ 8.174 
63.29904 0 0 4 0 cwnd_ 8.297 
63.31568 0 0 4 0 cwnd_ 8.417 
63.33232 0 0 4 0 cwnd_ 8.536 
63.34896 0 0 4 0 cwnd_ 8.653 
63.94800 0 0 4 0 cwnd_ 8.769 
63.96464 0 0 4 0 cwnd_ 8.883 
63.98128 0 0 4 0 cwnd_ 8.995 
63.99792 0 0 4 0 cwnd_ 9.106 
64.01456 0 0 4 0 cwnd_ 9.216 
64.03120 0 0 4 0 cwnd_ 9.325 
64.04784 0 0 4 0 cwnd_ 9.432 
64.06448 0 0 4 0 cwnd_ 9.538 
64.68016 0 0 4 0 cwnd_ 9.643 
64.69680 0 0 4 0 cwnd_ 9.747 
64.71344 0 0 4 0 cwnd_ 9.849 
64.73008 0 0 4 0 cwnd_ 9.951 
64.74672 0 0 4 0 cwnd_ 10.051 
64.76336 0 0 4 0 cwnd_ 10.151 
64.78000 0 0 4 0 cwnd_ 10.249 
64.79664 0 0 4 0 cwnd_ 10.347 
64.81328 0 0 4 0 cwnd_ 10.443 
65.44560 0 0 4 0 cwnd_ 10.539 
65.46224 0 0 4 0 cwnd_ 10.634 
65.47888 0 0 4 0 cwnd_ 10.728 
65.49552 0 0 4 0 cwnd_ 10.821 
65.51216 0 0 4 0 cwnd_ 10.914 
65.52880 0 0 4 0 cwnd_ 11.005 
65.54544 0 0 4 0 cwnd_ 11.096 
65.56208 0 0 4 0 cwnd_ 11.186 
65.57872 0 0 4 0 cwnd_ 11.276 
65.59536 0 0 4 0 cwnd_ 11.364 
66.24432 0 0 4 0 cwnd_ 11.452 
66.26096 0 0 4 0 cwnd_ 11.540 
66.27760 0 0 4 0 cwnd_ 11.626 
66.29424 0 0 4 0 cwnd_ 11.712 
66.31088 0 0 4 0 cwnd_ 11.798 
66.32752 0 0 4 0 cwnd_ 11.883 
66.34416 0 0 4 0 cwnd_ 11.967 
66.36080 0 0 4 0 cwnd_ 12.050 
66.37744 0 0 4 0 cwnd_ 12.133 
66.39408 0 0 4 0 cwnd_ 12.216 
66.41072 0 0 4 0 cwnd_ 12.298 
67.07632 0 0 4 0 cwnd_ 12.379 
67.09296 0 0 4 0 cwnd_ 12.460 
67.10960 0 0 4 0 cwnd_ 12.540 
67.12624 0 0 4 0 cwnd_ 12.620 
67.14288 0 0 4 0 cwnd_ 12.699 
67.15952 0 0 4 0 cwnd_ 12.778 
67.17616 0 0 4 0 cwnd_ 12.856 
67.19280 0 0 4 0 cwnd_ 12.934 
67.20944 0 0 4 0 cwnd_ 13.011 
67.22608 0 0 4 0 cwnd_ 13.088 
67.24272 0 0 4 0 cwnd_ 13.164 
67.25936 0 0 4 0 cwnd_ 13.240 
67.94160 0 0 4 0 cwnd_ 13.316 
67.95824 0 0 4 0 cwnd_ 13.391 
67.97488 0 0 4 0 cwnd_ 13.466 
67.99152 0 0 4 0 cwnd_ 13.540 
68.00816 0 0 4 0 cwnd_ 13.614 
68.02480 0 0 4 0 cwnd_ 13.687 
68.04144 0 0 4 0 cwnd_ 13.760 
68.05808 0 0 4 0 cwnd_ 13.833 
68.07472 0 0 4 0 cwnd_ 13.905 
68.09136 0 0 4 0 cwnd_ 13.977 
68.10800 0 0 4 0 cwnd_ 14.049 
68.12464 0 0 4 0 cwnd_ 14.120 
68.14128 0 0 4 0 cwnd_ 14.191 
68.84016 0 0 4 0 cwnd_ 14.261 
68.85680 0 0 4 0 cwnd_ 14.331 
68.87344 0 0 4 0 cwnd_ 14.401 
68.89008 0 0 4 0 cwnd_ 14.470 
68.90672 0 0 4 0 cwnd_ 14.540 
68.92336 0 0 4 0 cwnd_ 14.608 
68.94000 0 0 4 0 cwnd_ 14.677 
68.95664 0 0 4 0 cwnd_ 14.745 
68.97328 0 0 4 0 cwnd_ 14.813 
68.98992 0 0 4 0 cwnd_ 14.880 
69.00656 0 0 4 0 cwnd_ 14.947 
69.02320 0 0 4 0 cwnd_ 15.014 
69.77200 0 0 4 0 cwnd_ 7.507 
71.91056 0 0 4 0 cwnd_ 1.000 
72.28464 0 0 4 0 cwnd_ 2.000 
73.14992 0 0 4 0 cwnd_ 3.000 
73.98192 0 0 4 0 cwnd_ 3.333 
73.99856 0 0 4 0 cwnd_ 3.633 
74.01520 0 0 4 0 cwnd_ 3.909 
74.03184 0 0 4 0 cwnd_ 4.164 
74.04848 0 0 4 0 cwnd_ 4.405 
74.84720 0 0 4 0 cwnd_ 4.632 
74.86384 0 0 4 0 cwnd_ 4.847 
74.88048 0 0 4 0 cwnd_ 5.054 
74.89712 0 0 4 0 cwnd_ 5.252 
75.71248 0 0 4 0 cwnd_ 5.442 
75.72912 0 0 4 0 cwnd_ 5.626 
75.74576 0 0 4 0 cwnd_ 5.804 
75.76240 0 0 4 0 cwnd_ 5.976 
75.77904 0 0 4 0 cwnd_ 6.143 
76.61104 0 0 4 0 cwnd_ 6.306 
76.62768 0 0 4 0 cwnd_ 6.465 
76.64432 0 0 4 0 cwnd_ 6.619 
76.66096 0 0 4 0 cwnd_ 6.770 
76.67760 0 0 4 0 cwnd_ 6.918 
76.69424 0 0 4 0 cwnd_ 7.063 
77.55952 0 0 4 0 cwnd_ 3.531 
78.07536 0 0 4 0 cwnd_ 3.814 
78.52464 0 0 4 0 cwnd_ 4.077 
78.54128 0 0 4 0 cwnd_ 4.322 
78.55792 0 0 4 0 cwnd_ 4.553 
79.02384 0 0 4 0 cwnd_ 4.773 
79.04048 0 0 4 0 cwnd_ 4.982 
79.05712 0 0 4 0 cwnd_ 5.183 
79.07376 0 0 4 0 cwnd_ 5.376 
79.55632 0 0 4 0 cwnd_ 5.562 
79.57296 0 0 4 0 cwnd_ 5.742 
79.58960 0 0 4 0 cwnd_ 5.916 
79.60624 0 0 4 0 cwnd_ 6.085 
79.62288 0 0 4 0 cwnd_ 6.249 
80.12208 0 0 4 0 cwnd_ 6.409 
80.13872 0 0 4 0 cwnd_ 6.565 
80.15536 0 0 4 0 cwnd_ 6.718 
80.17200 0 0 4 0 cwnd_ 6.867 
80.18864 0 0 4 0 cwnd_ 7.012 
80.20528 0 0 4 0 cwnd_ 7.155 
80.70448 0 0 4 0 cwnd_ 7.295 
80.72112 0 0 4 0 cwnd_ 7.432 
80.73776 0 0 4 0 cwnd_ 7.566 
80.75440 0 0 4 0 cwnd_ 7.698 
80.77104 0 0 4 0 cwnd_ 7.828 
80.78768 0 0 4 0 cwnd_ 7.956 
80.80432 0 0 4 0 cwnd_ 8.082 
81.32016 0 0 4 0 cwnd_ 8.205 
81.33680 0 0 4 0 cwnd_ 8.327 
81.35344 0 0 4 0 cwnd_ 8.447 
81.37008 0 0 4 0 cwnd_ 8.566 
81.38672 0 0 4 0 cwnd_ 8.683 
81.40336 0 0 4 0 cwnd_ 8.798 
81.42000 0 0 4 0 cwnd_ 8.911 
81.43664 0 0 4 0 cwnd_ 9.024 
81.96912 0 0 4 0 cwnd_ 9.134 
81.98576 0 0 4 0 cwnd_ 9.244 
82.00240 0 0 4 0 cwnd_ 9.352 
82.01904 0 0 4 0 cwnd_ 9.459 
82.03568 0 0 4 0 cwnd_ 9.565 
82.05232 0 0 4 0 cwnd_ 9.669 
82.06896 0 0 4 0 cwnd_ 9.773 
82.08560 0 0 4 0 cwnd_ 9.875 
82.10224 0 0 4 0 cwnd_ 9.976 
82.65136 0 0 4 0 cwnd_ 10.077 
82.66800 0 0 4 0 cwnd_ 10.176 
82.68464 0 0 4 0 cwnd_ 10.274 
82.70128 0 0 4 0 cwnd_ 10.371 
82.71792 0 0 4 0 cwnd_ 10.468 
82.73456 0 0 4 0 cwnd_ 10.563 
82.75120 0 0 4 0 cwnd_ 10.658 
82.76784 0 0 4 0 cwnd_ 10.752 
82.78448 0 0 4 0 cwnd_ 10.845 
83.35024 0 0 4 0 cwnd_ 10.937 
83.36688 0 0 4 0 cwnd_ 11.028 
83.38352 0 0 4 0 cwnd_ 11.119 
83.40016 0 0 4 0 cwnd_ 11.209 
83.41680 0 0 4 0 cwnd_ 11.298 
83.43344 0 0 4 0 cwnd_ 11.387 
83.45008 0 0 4 0 cwnd_ 11.475 
83.46672 0 0 4 0 cwnd_ 11.562 
83.48336 0 0 4 0 cwnd_ 11.648 
83.50000 0 0 4 0 cwnd_ 11.734 
84.08240 0 0 4 0 cwnd_ 11.819 
84.09904 0 0 4 0 cwnd_ 11.904 
84.11568 0 0 4 0 cwnd_ 11.988 
84.13232 0 0 4 0 cwnd_ 12.071 
84.14896 0 0 4 0 cwnd_ 12.154 
84.16560 0 0 4 0 cwnd_ 12.236 
84.18224 0 0 4 0 cwnd_ 12.318 
84.19888 0 0 4 0 cwnd_ 12.399 
84.21552 0 0 4 0 cwnd_ 12.480 
84.23216 0 0 4 0 cwnd_ 12.560 
84.24880 0 0 4 0 cwnd_ 12.640 
84.84784 0 0 4 0 cwnd_ 12.719 
84.86448 0 0 4 0 cwnd_ 12.798 
84.88112 0 0 4 0 cwnd_ 12.876 
84.89776 0 0 4 0 cwnd_ 12.953 
84.91440 0 0 4 0 cwnd_ 13.031 
84.93104 0 0 4 0 cwnd_ 13.107 
84.94768 0 0 4 0 cwnd_ 13.184 
84.96432 0 0 4 0 cwnd_ 13.259 
84.98096 0 0 4 0 cwnd_ 13.335 
84.99760 0 0 4 0 cwnd_ 13.410 
85.01424 0 0 4 0 cwnd_ 13.484 
85.03088 0 0 4 0 cwnd_ 13.559 
85.64656 0 0 4 0 cwnd_ 13.632 
85.66320 0 0 4 0 cwnd_ 13.706 
85.67984 0 0 4 0 cwnd_ 13.779 
85.69648 0 0 4 0 cwnd_ 13.851 
85.71312 0 0 4 0 cwnd_ 13.923 
85.72976 0 0 4 0 cwnd_ 13.995 
85.74640 0 0 4 0 cwnd_ 14.067 
85.76304 0 0 4 0 cwnd_ 14.138 
85.77968 0 0 4 0 cwnd_ 14.209 
85.79632 0 0 4 0 cwnd_ 14.279 
85.81296 0 0 4 0 cwnd_ 14.349 
85.82960 0 0 4 0 cwnd_ 14.419 
85.84624 0 0 4 0 cwnd_ 14.488 
86.47856 0 0 4 0 cwnd_ 14.557 
86.49520 0 0 4 0 cwnd_ 14.626 
86.51184 0 0 4 0 cwnd_ 14.694 
86.52848 0 0 4 0 cwnd_ 14.762 
86.54512 0 0 4 0 cwnd_ 14.830 
86.56176 0 0 4 0 cwnd_ 14.897 
86.57840 0 0 4 0 cwnd_ 14.964 
86.59504 0 0 4 0 cwnd_ 15.031 
86.61168 0 0 4 0 cwnd_ 15.098 
86.62832 0 0 4 0 cwnd_ 15.164 
86.64496 0 0 4 0 cwnd_ 15.230 
86.66160 0 0 4 0 cwnd_ 15.296 
86.67824 0 0 4 0 cwnd_ 15.361 
86.69488 0 0 4 0 cwnd_ 15.426 
87.34384 0 0 4 0 cwnd_ 15.491 
87.36048 0 0 4 0 cwnd_ 15.555 
87.37712 0 0 4 0 cwnd_ 15.620 
87.39376 0 0 4 0 cwnd_ 15.684 
87.41040 0 0 4 0 cwnd_ 15.748 
87.42704 0 0 4 0 cwnd_ 15.811 
87.44368 0 0 4 0 cwnd_ 15.874 
87.46032 0 0 4 0 cwnd_ 15.937 
87.47696 0 0 4 0 cwnd_ 16.000 
87.49360 0 0 4 0 cwnd_ 16.063 
87.51024 0 0 4 0 cwnd_ 16.125 
87.52688 0 0 4 0 cwnd_ 16.187 
87.54352 0 0 4 0 cwnd_ 16.249 
87.56016 0 0 4 0 cwnd_ 16.310 
87.57680 0 0 4 0 cwnd_ 16.371 
88.24240 0 0 4 0 cwnd_ 16.433 
88.25904 0 0 4 0 cwnd_ 16.493 
88.27568 0 0 4 0 cwnd_ 16.554 
88.29232 0 0 4 0 cwnd_ 16.614 
88.30896 0 0 4 0 cwnd_ 16.675 
88.32560 0 0 4 0 cwnd_ 16.735 
88.34224 0 0 4 0 cwnd_ 16.794 
88.35888 0 0 4 0 cwnd_ 16.854 
88.37552 0 0 4 0 cwnd_ 16.913 
88.39216 0 0 4 0 cwnd_ 16.972 
88.44208 0 0 4 0 cwnd_ 8.486 
90.13936 0 0 4 0 cwnd_ 8.604 
90.15600 0 0 4 0 cwnd_ 8.720 
90.87152 0 0 4 0 cwnd_ 8.835 
90.88816 0 0 4 0 cwnd_ 8.948 
90.90480 0 0 4 0 cwnd_ 9.060 
90.92144 0 0 4 0 cwnd_ 9.170 
90.93808 0 0 4 0 cwnd_ 9.279 
90.95472 0 0 4 0 cwnd_ 9.387 
90.97136 0 0 4 0 cwnd_ 9.494 
90.98800 0 0 4 0 cwnd_ 9.599 
91.72016 0 0 4 0 cwnd_ 9.703 
91.73680 0 0 4 0 cwnd_ 9.806 
91.75344 0 0 4 0 cwnd_ 9.908 
91.77008 0 0 4 0 cwnd_ 10.009 
91.78672 0 0 4 0 cwnd_ 10.109 
91.80336 0 0 4 0 cwnd_ 10.208 
91.82000 0 0 4 0 cwnd_ 10.306 
91.83664 0 0 4 0 cwnd_ 10.403 
91.85328 0 0 4 0 cwnd_ 10.499 
92.60208 0 0 4 0 cwnd_ 10.594 
92.61872 0 0 4 0 cwnd_ 10.689 
92.63536 0 0 4 0 cwnd_ 10.782 
92.65200 0 0 4 0 cwnd_ 10.875 
92.66864 0 0 4 0 cwnd_ 10.967 
92.68528 0 0 4 0 cwnd_ 11.058 
92.70192 0 0 4 0 cwnd_ 11.149 
92.71856 0 0 4 0 cwnd_ 11.238 
92.73520 0 0 4 0 cwnd_ 11.327 
92.75184 0 0 4 0 cwnd_ 11.415 
93.55056 0 0 4 0 cwnd_ 5.708 
95.69912 0 0 4 0 cwnd_ 1.000 
96.14640 0 0 4 0 cwnd_ 2.000 
96.16304 0 0 4 0 cwnd_ 2.500 
96.17968 0 0 4 0 cwnd_ 2.900 
96.19632 0 0 4 0 cwnd_ 3.245 
97.07824 0 0 4 0 cwnd_ 3.553 
97.09488 0 0 4 0 cwnd_ 3.834 
97.11152 0 0 4 0 cwnd_ 4.095 
98.35152 0 0 4 0 cwnd_ 1.000 
99.22480 0 0 4 0 cwnd_ 2.000 
101.70480 0 0 4 0 cwnd_ 1.000 
107.21200 0 0 4 0 cwnd_ 2.000 
107.79440 0 0 4 0 cwnd_ 2.500 
107.81104 0 0 4 0 cwnd_ 2.900 
108.41008 0 0 4 0 cwnd_ 3.245 
108.42672 0 0 4 0 cwnd_ 3.553 
109.04240 0 0 4 0 cwnd_ 3.834 
109.05904 0 0 4 0 cwnd_ 4.095 
109.07568 0 0 4 0 cwnd_ 4.339 
109.70800 0 0 4 0 cwnd_ 4.570 
109.72464 0 0 4 0 cwnd_ 4.789 
109.74128 0 0 4 0 cwnd_ 4.998 
109.75792 0 0 4 0 cwnd_ 5.198 
110.40688 0 0 4 0 cwnd_ 5.390 
110.42352 0 0 4 0 cwnd_ 5.576 
110.44016 0 0 4 0 cwnd_ 5.755 
110.45680 0 0 4 0 cwnd_ 5.929 
110.47344 0 0 4 0 cwnd_ 6.097 
111.13904 0 0 4 0 cwnd_ 6.261 
111.15568 0 0 4 0 cwnd_ 6.421 
111.17232 0 0 4 0 cwnd_ 6.577 
111.18896 0 0 4 0 cwnd_ 6.729 
111.20560 0 0 4 0 cwnd_ 6.877 
111.22224 0 0 4 0 cwnd_ 7.023 
111.90448 0 0 4 0 cwnd_ 7.165 
111.92112 0 0 4 0 cwnd_ 7.305 
111.93776 0 0 4 0 cwnd_ 7.442 
111.95440 0 0 4 0 cwnd_ 7.576 
111.97104 0 0 4 0 cwnd_ 7.708 
111.98768 0 0 4 0 cwnd_ 7.838 
112.00432 0 0 4 0 cwnd_ 7.965 
112.70320 0 0 4 0 cwnd_ 8.091 
112.71984 0 0 4 0 cwnd_ 8.215 
112.73648 0 0 4 0 cwnd_ 8.336 
112.75312 0 0 4 0 cwnd_ 8.456 
112.76976 0 0 4 0 cwnd_ 8.574 
112.78640 0 0 4 0 cwnd_ 8.691 
112.80304 0 0 4 0 cwnd_ 8.806 
113.51856 0 0 4 0 cwnd_ 8.920 
113.53520 0 0 4 0 cwnd_ 9.032 
113.55184 0 0 4 0 cwnd_ 9.143 
113.56848 0 0 4 0 cwnd_ 9.252 
113.58512 0 0 4 0 cwnd_ 9.360 
113.60176 0 0 4 0 cwnd_ 9.467 
113.61840 0 0 4 0 cwnd_ 9.572 
113.63504 0 0 4 0 cwnd_ 9.677 
114.36720 0 0 4 0 cwnd_ 9.780 
114.38384 0 0 4 0 cwnd_ 9.883 
114.40048 0 0 4 0 cwnd_ 9.984 
114.41712 0 0 4 0 cwnd_ 10.084 
114.43376 0 0 4 0 cwnd_ 10.183 
114.45040 0 0 4 0 cwnd_ 10.281 
114.46704 0 0 4 0 cwnd_ 10.379 
114.48368 0 0 4 0 cwnd_ 10.475 
114.50032 0 0 4 0 cwnd_ 10.570 
115.24912 0 0 4 0 cwnd_ 10.665 
115.26576 0 0 4 0 cwnd_ 10.759 
115.28240 0 0 4 0 cwnd_ 10.852 
115.29904 0 0 4 0 cwnd_ 10.944 
115.31568 0 0 4 0 cwnd_ 11.035 
115.33232 0 0 4 0 cwnd_ 11.126 
115.34896 0 0 4 0 cwnd_ 11.216 
115.36560 0 0 4 0 cwnd_ 11.305 
115.38224 0 0 4 0 cwnd_ 11.393 
115.39888 0 0 4 0 cwnd_ 11.481 
116.19760 0 0 4 0 cwnd_ 5.741 
118.22616 0 0 4 0 cwnd_ 1.000 
118.79344 0 0 4 0 cwnd_ 2.000 
118.81008 0 0 4 0 cwnd_ 2.500 
118.82672 0 0 4 0 cwnd_ 2.900 
118.84336 0 0 4 0 cwnd_ 3.245 
119.72528 0 0 4 0 cwnd_ 3.553 
119.74192 0 0 4 0 cwnd_ 3.834 
119.75856 0 0 4 0 cwnd_ 4.095 
120.93856 0 0 4 0 cwnd_ 1.000 
121.82192 0 0 4 0 cwnd_ 2.000 
124.18192 0 0 4 0 cwnd_ 1.000 
129.42640 0 0 4 0 cwnd_ 2.000 
129.99216 0 0 4 0 cwnd_ 2.500 
130.00880 0 0 4 0 cwnd_ 2.900 
130.59120 0 0 4 0 cwnd_ 3.245 
130.60784 0 0 4 0 cwnd_ 3.553 
131.20688 0 0 4 0 cwnd_ 3.834 
131.22352 0 0 4 0 cwnd_ 4.095 
131.24016 0 0 4 0 cwnd_ 4.339 
131.85584 0 0 4 0 cwnd_ 4.570 
131.87248 0 0 4 0 cwnd_ 4.789 
131.88912 0 0 4 0 cwnd_ 4.998 
131.90576 0 0 4 0 cwnd_ 5.198 
132.53808 0 0 4 0 cwnd_ 5.390 
132.55472 0 0 4 0 cwnd_ 5.576 
132.57136 0 0 4 0 cwnd_ 5.755 
132.58800 0 0 4 0 cwnd_ 5.929 
132.60464 0 0 4 0 cwnd_ 6.097 
133.25360 0 0 4 0 cwnd_ 6.261 
133.27024 0 0 4 0 cwnd_ 6.421 
133.28688 0 0 4 0 cwnd_ 6.577 
133.30352 0 0 4 0 cwnd_ 6.729 
133.32016 0 0 4 0 cwnd_ 6.877 
133.33680 0 0 4 0 cwnd_ 7.023 
134.00240 0 0 4 0 cwnd_ 7.165 
134.01904 0 0 4 0 cwnd_ 7.305 
134.03568 0 0 4 0 cwnd_ 7.442 
134.05232 0 0 4 0 cwnd_ 7.576 
134.06896 0 0 4 0 cwnd_ 7.708 
134.08560 0 0 4 0 cwnd_ 7.838 
134.10224 0 0 4 0 cwnd_ 7.965 
134.78448 0 0 4 0 cwnd_ 8.091 
134.80112 0 0 4 0 cwnd_ 8.215 
134.81776 0 0 4 0 cwnd_ 8.336 
134.83440 0 0 4 0 cwnd_ 8.456 
134.85104 0 0 4 0 cwnd_ 8.574 
134.86768 0 0 4 0 cwnd_ 8.691 
134.88432 0 0 4 0 cwnd_ 8.806 
135.58320 0 0 4 0 cwnd_ 8.920 
135.59984 0 0 4 0 cwnd_ 9.032 
135.61648 0 0 4 0 cwnd_ 9.143 
135.63312 0 0 4 0 cwnd_ 9.252 
135.64976 0 0 4 0 cwnd_ 9.360 
135.66640 0 0 4 0 cwnd_ 9.467 
135.68304 0 0 4 0 cwnd_ 9.572 
135.69968 0 0 4 0 cwnd_ 9.677 
136.41520 0 0 4 0 cwnd_ 9.780 
136.43184 0 0 4 0 cwnd_ 9.883 
136.44848 0 0 4 0 cwnd_ 9.984 
136.46512 0 0 4 0 cwnd_ 10.084 
136.48176 0 0 4 0 cwnd_ 10.183 
136.49840 0 0 4 0 cwnd_ 10.281 
136.51504 0 0 4 0 cwnd_ 10.379 
136.53168 0 0 4 0 cwnd_ 10.475 
136.54832 0 0 4 0 cwnd_ 10.570 
137.28048 0 0 4 0 cwnd_ 10.665 
137.29712 0 0 4 0 cwnd_ 10.759 
137.31376 0 0 4 0 cwnd_ 10.852 
137.33040 0 0 4 0 cwnd_ 10.944 
137.34704 0 0 4 0 cwnd_ 11.035 
137.36368 0 0 4 0 cwnd_ 11.126 
137.38032 0 0 4 0 cwnd_ 11.216 
137.39696 0 0 4 0 cwnd_ 11.305 
137.41360 0 0 4 0 cwnd_ 11.393 
137.43024 0 0 4 0 cwnd_ 11.481 
138.17904 0 0 4 0 cwnd_ 11.568 
138.19568 0 0 4 0 cwnd_ 11.655 
138.21232 0 0 4 0 cwnd_ 11.740 
138.22896 0 0 4 0 cwnd_ 11.826 
138.24560 0 0 4 0 cwnd_ 11.910 
138.29552 0 0 4 0 cwnd_ 5.955 
140.02608 0 0 4 0 cwnd_ 6.123 
140.04272 0 0 4 0 cwnd_ 6.286 
140.84144 0 0 4 0 cwnd_ 6.445 
140.85808 0 0 4 0 cwnd_ 6.601 
140.87472 0 0 4 0 cwnd_ 6.752 
140.89136 0 0 4 0 cwnd_ 6.900 
140.90800 0 0 4 0 cwnd_ 7.045 
140.92464 0 0 4 0 cwnd_ 7.187 
141.74000 0 0 4 0 cwnd_ 7.326 
141.75664 0 0 4 0 cwnd_ 7.463 
141.77328 0 0 4 0 cwnd_ 7.597 
141.78992 0 0 4 0 cwnd_ 7.728 
141.80656 0 0 4 0 cwnd_ 7.858 
142.67184 0 0 4 0 cwnd_ 3.929 
144.43568 0 0 4 0 cwnd_ 2.929 
144.77040 0 0 4 0 cwnd_ 1.000 
145.33424 0 0 4 0 cwnd_ 2.000 
147.73424 0 0 4 0 cwnd_ 1.000 
148.19632 0 0 4 0 cwnd_ 2.000 
148.69552 0 0 4 0 cwnd_ 2.500 
148.71216 0 0 4 0 cwnd_ 2.900 
149.22800 0 0 4 0 cwnd_ 3.245 
149.24464 0 0 4 0 cwnd_ 3.553 
149.77712 0 0 4 0 cwnd_ 3.834 
149.79376 0 0 4 0 cwnd_ 4.095 
149.81040 0 0 4 0 cwnd_ 4.339 
150.35952 0 0 4 0 cwnd_ 4.570 
150.37616 0 0 4 0 cwnd_ 4.789 
150.39280 0 0 4 0 cwnd_ 4.998 
150.40944 0 0 4 0 cwnd_ 5.198 
150.97520 0 0 4 0 cwnd_ 5.390 
150.99184 0 0 4 0 cwnd_ 5.576 
151.00848 0 0 4 0 cwnd_ 5.755 
151.02512 0 0 4 0 cwnd_ 5.929 
151.04176 0 0 4 0 cwnd_ 6.097 
151.62416 0 0 4 0 cwnd_ 6.261 
151.64080 0 0 4 0 cwnd_ 6.421 
151.65744 0 0 4 0 cwnd_ 6.577 
151.67408 0 0 4 0 cwnd_ 6.729 
151.69072 0 0 4 0 cwnd_ 6.877 
151.70736 0 0 4 0 cwnd_ 7.023 
152.30640 0 0 4 0 cwnd_ 7.165 
152.32304 0 0 4 0 cwnd_ 7.305 
152.33968 0 0 4 0 cwnd_ 7.442 
152.35632 0 0 4 0 cwnd_ 7.576 
152.37296 0 0 4 0 cwnd_ 7.708 
152.38960 0 0 4 0 cwnd_ 7.838 
152.40624 0 0 4 0 cwnd_ 7.965 
153.02192 0 0 4 0 cwnd_ 8.091 
153.03856 0 0 4 0 cwnd_ 8.215 
153.05520 0 0 4 0 cwnd_ 8.336 
153.07184 0 0 4 0 cwnd_ 8.456 
153.08848 0 0 4 0 cwnd_ 8.574 
153.10512 0 0 4 0 cwnd_ 8.691 
153.12176 0 0 4 0 cwnd_ 8.806 
153.75408 0 0 4 0 cwnd_ 8.920 
153.77072 0 0 4 0 cwnd_ 9.032 
153.78736 0 0 4 0 cwnd_ 9.143 
153.80400 0 0 4 0 cwnd_ 9.252 
153.82064 0 0 4 0 cwnd_ 9.360 
153.83728 0 0 4 0 cwnd_ 9.467 
153.85392 0 0 4 0 cwnd_ 9.572 
153.87056 0 0 4 0 cwnd_ 9.677 
154.51952 0 0 4 0 cwnd_ 9.780 
154.53616 0 0 4 0 cwnd_ 9.883 
154.55280 0 0 4 0 cwnd_ 9.984 
154.56944 0 0 4 0 cwnd_ 10.084 
154.58608 0 0 4 0 cwnd_ 10.183 
154.60272 0 0 4 0 cwnd_ 10.281 
154.61936 0 0 4 0 cwnd_ 10.379 
154.63600 0 0 4 0 cwnd_ 10.475 
154.65264 0 0 4 0 cwnd_ 10.570 
155.31824 0 0 4 0 cwnd_ 10.665 
155.33488 0 0 4 0 cwnd_ 10.759 
155.35152 0 0 4 0 cwnd_ 10.852 
155.36816 0 0 4 0 cwnd_ 10.944 
155.38480 0 0 4 0 cwnd_ 11.035 
155.40144 0 0 4 0 cwnd_ 11.126 
155.41808 0 0 4 0 cwnd_ 11.216 
155.43472 0 0 4 0 cwnd_ 11.305 
155.45136 0 0 4 0 cwnd_ 11.393 
155.46800 0 0 4 0 cwnd_ 11.481 
156.15024 0 0 4 0 cwnd_ 11.568 
156.16688 0 0 4 0 cwnd_ 11.655 
156.18352 0 0 4 0 cwnd_ 11.740 
156.20016 0 0 4 0 cwnd_ 11.826 
156.21680 0 0 4 0 cwnd_ 11.910 
156.23344 0 0 4 0 cwnd_ 11.994 
156.25008 0 0 4 0 cwnd_ 12.078 
156.26672 0 0 4 0 cwnd_ 12.160 
156.28336 0 0 4 0 cwnd_ 12.243 
156.30000 0 0 4 0 cwnd_ 12.324 
156.31664 0 0 4 0 cwnd_ 12.405 
157.01552 0 0 4 0 cwnd_ 12.486 
157.03216 0 0 4 0 cwnd_ 12.566 
157.04880 0 0 4 0 cwnd_ 12.646 
157.06544 0 0 4 0 cwnd_ 12.725 
157.08208 0 0 4 0 cwnd_ 12.803 
157.09872 0 0 4 0 cwnd_ 12.881 
157.11536 0 0 4 0 cwnd_ 12.959 
157.13200 0 0 4 0 cwnd_ 13.036 
157.14864 0 0 4 0 cwnd_ 13.113 
157.16528 0 0 4 0 cwnd_ 13.189 
157.18192 0 0 4 0 cwnd_ 13.265 
157.19856 0 0 4 0 cwnd_ 13.340 
157.91408 0 0 4 0 cwnd_ 13.415 
157.93072 0 0 4 0 cwnd_ 13.490 
157.94736 0 0 4 0 cwnd_ 13.564 
157.96400 0 0 4 0 cwnd_ 13.638 
157.98064 0 0 4 0 cwnd_ 13.711 
157.99728 0 0 4 0 cwnd_ 13.784 
158.01392 0 0 4 0 cwnd_ 13.857 
158.03056 0 0 4 0 cwnd_ 13.929 
158.08048 0 0 4 0 cwnd_ 6.964 
159.77776 0 0 4 0 cwnd_ 7.108 
159.79440 0 0 4 0 cwnd_ 7.249 
160.54320 0 0 4 0 cwnd_ 7.387 
160.55984 0 0 4 0 cwnd_ 7.522 
160.57648 0 0 4 0 cwnd_ 7.655 
160.59312 0 0 4 0 cwnd_ 7.786 
160.60976 0 0 4 0 cwnd_ 7.914 
160.62640 0 0 4 0 cwnd_ 8.040 
160.64304 0 0 4 0 cwnd_ 8.165 
161.40848 0 0 4 0 cwnd_ 8.287 
161.42512 0 0 4 0 cwnd_ 8.408 
161.44176 0 0 4 0 cwnd_ 8.527 
161.45840 0 0 4 0 cwnd_ 8.644 
161.47504 0 0 4 0 cwnd_ 8.760 
161.49168 0 0 4 0 cwnd_ 8.874 
161.50832 0 0 4 0 cwnd_ 8.987 
161.52496 0 0 4 0 cwnd_ 9.098 
162.30704 0 0 4 0 cwnd_ 9.208 
162.32368 0 0 4 0 cwnd_ 9.316 
162.34032 0 0 4 0 cwnd_ 9.424 
162.35696 0 0 4 0 cwnd_ 9.530 
162.37360 0 0 4 0 cwnd_ 9.635 
162.39024 0 0 4 0 cwnd_ 9.739 
162.40688 0 0 4 0 cwnd_ 9.841 
162.42352 0 0 4 0 cwnd_ 9.943 
163.25552 0 0 4 0 cwnd_ 4.971 
165.36408 0 0 4 0 cwnd_ 1.000 
165.88464 0 0 4 0 cwnd_ 2.000 
165.90128 0 0 4 0 cwnd_ 2.500 
165.91792 0 0 4 0 cwnd_ 2.900 
166.79984 0 0 4 0 cwnd_ 3.245 
166.81648 0 0 4 0 cwnd_ 3.553 
168.01648 0 0 4 0 cwnd_ 1.000 
168.92976 0 0 4 0 cwnd_ 2.000 
171.32976 0 0 4 0 cwnd_ 1.000 
171.82512 0 0 4 0 cwnd_ 2.000 
172.35760 0 0 4 0 cwnd_ 2.500 
172.37424 0 0 4 0 cwnd_ 2.900 
172.92336 0 0 4 0 cwnd_ 3.245 
172.94000 0 0 4 0 cwnd_ 3.553 
173.50576 0 0 4 0 cwnd_ 3.834 
173.52240 0 0 4 0 cwnd_ 4.095 
173.53904 0 0 4 0 cwnd_ 4.339 
174.12144 0 0 4 0 cwnd_ 4.570 
174.13808 0 0 4 0 cwnd_ 4.789 
174.15472 0 0 4 0 cwnd_ 4.998 
174.17136 0 0 4 0 cwnd_ 5.198 
174.77040 0 0 4 0 cwnd_ 5.390 
174.78704 0 0 4 0 cwnd_ 5.576 
174.80368 0 0 4 0 cwnd_ 5.755 
174.82032 0 0 4 0 cwnd_ 5.929 
174.83696 0 0 4 0 cwnd_ 6.097 
175.45264 0 0 4 0 cwnd_ 6.261 
175.46928 0 0 4 0 cwnd_ 6.421 
175.48592 0 0 4 0 cwnd_ 6.577 
175.50256 0 0 4 0 cwnd_ 6.729 
175.51920 0 0 4 0 cwnd_ 6.877 
175.53584 0 0 4 0 cwnd_ 7.023 
176.16816 0 0 4 0 cwnd_ 7.165 
176.18480 0 0 4 0 cwnd_ 7.305 
176.20144 0 0 4 0 cwnd_ 7.442 
176.21808 0 0 4 0 cwnd_ 7.576 
176.23472 0 0 4 0 cwnd_ 7.708 
176.25136 0 0 4 0 cwnd_ 7.838 
176.26800 0 0 4 0 cwnd_ 7.965 
176.91696 0 0 4 0 cwnd_ 8.091 
176.93360 0 0 4 0 cwnd_ 8.215 
176.95024 0 0 4 0 cwnd_ 8.336 
176.96688 0 0 4 0 cwnd_ 8.456 
176.98352 0 0 4 0 cwnd_ 8.574 
177.00016 0 0 4 0 cwnd_ 8.691 
177.01680 0 0 4 0 cwnd_ 8.806 
177.68240 0 0 4 0 cwnd_ 8.920 
177.69904 0 0 4 0 cwnd_ 9.032 
177.71568 0 0 4 0 cwnd_ 9.143 
177.73232 0 0 4 0 cwnd_ 9.252 
177.74896 0 0 4 0 cwnd_ 9.360 
177.76560 0 0 4 0 cwnd_ 9.467 
177.78224 0 0 4 0 cwnd_ 9.572 
177.79888 0 0 4 0 cwnd_ 9.677 
178.48112 0 0 4 0 cwnd_ 9.780 
178.49776 0 0 4 0 cwnd_ 9.883 
178.51440 0 0 4 0 cwnd_ 9.984 
178.53104 0 0 4 0 cwnd_ 10.084 
178.54768 0 0 4 0 cwnd_ 10.183 
178.56432 0 0 4 0 cwnd_ 10.281 
178.58096 0 0 4 0 cwnd_ 10.379 
178.59760 0 0 4 0 cwnd_ 10.475 
178.61424 0 0 4 0 cwnd_ 10.570 
179.31312 0 0 4 0 cwnd_ 10.665 
179.32976 0 0 4 0 cwnd_ 10.759 
179.34640 0 0 4 0 cwnd_ 10.852 
179.36304 0 0 4 0 cwnd_ 10.944 
179.37968 0 0 4 0 cwnd_ 11.035 
179.39632 0 0 4 0 cwnd_ 11.126 
179.41296 0 0 4 0 cwnd_ 11.216 
179.42960 0 0 4 0 cwnd_ 11.305 
179.44624 0 0 4 0 cwnd_ 11.393 
179.46288 0 0 4 0 cwnd_ 11.481 
180.17840 0 0 4 0 cwnd_ 11.568 
180.19504 0 0 4 0 cwnd_ 11.655 
180.21168 0 0 4 0 cwnd_ 11.740 
180.22832 0 0 4 0 cwnd_ 11.826 
180.24496 0 0 4 0 cwnd_ 11.910 
180.26160 0 0 4 0 cwnd_ 11.994 
180.27824 0 0 4 0 cwnd_ 12.078 
180.29488 0 0 4 0 cwnd_ 12.160 
180.31152 0 0 4 0 cwnd_ 12.243 
180.32816 0 0 4 0 cwnd_ 12.324 
180.34480 0 0 4 0 cwnd_ 12.405 
181.07696 0 0 4 0 cwnd_ 12.486 
181.09360 0 0 4 0 cwnd_ 12.566 
181.11024 0 0 4 0 cwnd_ 12.646 
181.12688 0 0 4 0 cwnd_ 12.725 
181.14352 0 0 4 0 cwnd_ 12.803 
181.16016 0 0 4 0 cwnd_ 12.881 
181.17680 0 0 4 0 cwnd_ 12.959 
181.22672 0 0 4 0 cwnd_ 6.480 
182.95728 0 0 4 0 cwnd_ 6.634 
182.97392 0 0 4 0 cwnd_ 6.785 
183.75600 0 0 4 0 cwnd_ 6.932 
183.77264 0 0 4 0 cwnd_ 7.076 
183.78928 0 0 4 0 cwnd_ 7.218 
183.80592 0 0 4 0 cwnd_ 7.356 
183.82256 0 0 4 0 cwnd_ 7.492 
183.83920 0 0 4 0 cwnd_ 7.626 
184.63792 0 0 4 0 cwnd_ 7.757 
184.65456 0 0 4 0 cwnd_ 7.886 
184.67120 0 0 4 0 cwnd_ 8.012 
184.68784 0 0 4 0 cwnd_ 8.137 
184.70448 0 0 4 0 cwnd_ 8.260 
184.72112 0 0 4 0 cwnd_ 8.381 
184.73776 0 0 4 0 cwnd_ 8.500 
185.58640 0 0 4 0 cwnd_ 4.250 
187.70496 0 0 4 0 cwnd_ 1.000 
188.24880 0 0 4 0 cwnd_ 2.000 
189.14736 0 0 4 0 cwnd_ 2.500 
189.16400 0 0 4 0 cwnd_ 2.900 
189.49680 0 0 4 0 cwnd_ 3.245 
190.02928 0 0 4 0 cwnd_ 3.553 
190.04592 0 0 4 0 cwnd_ 3.834 
190.06256 0 0 4 0 cwnd_ 4.095 
190.51184 0 0 4 0 cwnd_ 4.339 
190.52848 0 0 4 0 cwnd_ 4.570 
190.54512 0 0 4 0 cwnd_ 4.789 
190.56176 0 0 4 0 cwnd_ 4.998 
191.02768 0 0 4 0 cwnd_ 5.198 
191.04432 0 0 4 0 cwnd_ 5.390 
191.06096 0 0 4 0 cwnd_ 5.576 
191.07760 0 0 4 0 cwnd_ 5.755 
191.56016 0 0 4 0 cwnd_ 5.929 
191.57680 0 0 4 0 cwnd_ 6.097 
191.59344 0 0 4 0 cwnd_ 6.261 
191.61008 0 0 4 0 cwnd_ 6.421 
191.62672 0 0 4 0 cwnd_ 6.577 
192.12592 0 0 4 0 cwnd_ 6.729 
192.14256 0 0 4 0 cwnd_ 6.877 
192.15920 0 0 4 0 cwnd_ 7.023 
192.17584 0 0 4 0 cwnd_ 7.165 
192.19248 0 0 4 0 cwnd_ 7.305 
192.20912 0 0 4 0 cwnd_ 7.442 
192.72496 0 0 4 0 cwnd_ 7.576 
192.74160 0 0 4 0 cwnd_ 7.708 
192.75824 0 0 4 0 cwnd_ 7.838 
192.77488 0 0 4 0 cwnd_ 7.965 
192.79152 0 0 4 0 cwnd_ 8.091 
192.80816 0 0 4 0 cwnd_ 8.215 
192.82480 0 0 4 0 cwnd_ 8.336 
193.35728 0 0 4 0 cwnd_ 8.456 
193.37392 0 0 4 0 cwnd_ 8.574 
193.39056 0 0 4 0 cwnd_ 8.691 
193.40720 0 0 4 0 cwnd_ 8.806 
193.42384 0 0 4 0 cwnd_ 8.920 
193.44048 0 0 4 0 cwnd_ 9.032 
193.45712 0 0 4 0 cwnd_ 9.143 
193.47376 0 0 4 0 cwnd_ 9.252 
194.02288 0 0 4 0 cwnd_ 9.360 
194.03952 0 0 4 0 cwnd_ 9.467 
194.05616 0 0 4 0 cwnd_ 9.572 
194.07280 0 0 4 0 cwnd_ 9.677 
194.08944 0 0 4 0 cwnd_ 9.780 
194.10608 0 0 4 0 cwnd_ 9.883 
194.12272 0 0 4 0 cwnd_ 9.984 
194.13936 0 0 4 0 cwnd_ 10.084 
194.15600 0 0 4 0 cwnd_ 10.183 
194.72176 0 0 4 0 cwnd_ 10.281 
194.73840 0 0 4 0 cwnd_ 10.379 
194.75504 0 0 4 0 cwnd_ 10.475 
194.77168 0 0 4 0 cwnd_ 10.570 
194.78832 0 0 4 0 cwnd_ 10.665 
194.80496 0 0 4 0 cwnd_ 10.759 
194.82160 0 0 4 0 cwnd_ 10.852 
194.83824 0 0 4 0 cwnd_ 10.944 
194.85488 0 0 4 0 cwnd_ 11.035 
194.87152 0 0 4 0 cwnd_ 11.126 
195.45392 0 0 4 0 cwnd_ 11.216 
195.47056 0 0 4 0 cwnd_ 11.305 
195.48720 0 0 4 0 cwnd_ 11.393 
195.50384 0 0 4 0 cwnd_ 11.481 
195.52048 0 0 4 0 cwnd_ 11.568 
195.53712 0 0 4 0 cwnd_ 11.655 
195.55376 0 0 4 0 cwnd_ 11.740 
195.57040 0 0 4 0 cwnd_ 11.826 
195.58704 0 0 4 0 cwnd_ 11.910 
195.60368 0 0 4 0 cwnd_ 11.994 
195.62032 0 0 4 0 cwnd_ 12.078 
196.21936 0 0 4 0 cwnd_ 12.160 
196.23600 0 0 4 0 cwnd_ 12.243 
196.25264 0 0 4 0 cwnd_ 12.324 
196.26928 0 0 4 0 cwnd_ 12.405 
196.28592 0 0 4 0 cwnd_ 12.486 
196.30256 0 0 4 0 cwnd_ 12.566 
196.31920 0 0 4 0 cwnd_ 12.646 
196.33584 0 0 4 0 cwnd_ 12.725 
196.35248 0 0 4 0 cwnd_ 12.803 
196.36912 0 0 4 0 cwnd_ 12.881 
196.38576 0 0 4 0 cwnd_ 12.959 
196.40240 0 0 4 0 cwnd_ 13.036 
197.01808 0 0 4 0 cwnd_ 13.113 
197.03472 0 0 4 0 cwnd_ 13.189 
197.05136 0 0 4 0 cwnd_ 13.265 
197.06800 0 0 4 0 cwnd_ 13.340 
197.08464 0 0 4 0 cwnd_ 13.415 
197.10128 0 0 4 0 cwnd_ 13.490 
197.11792 0 0 4 0 cwnd_ 13.564 
197.13456 0 0 4 0 cwnd_ 13.638 
197.15120 0 0 4 0 cwnd_ 13.711 
197.16784 0 0 4 0 cwnd_ 13.784 
197.18448 0 0 4 0 cwnd_ 13.857 
197.20112 0 0 4 0 cwnd_ 13.929 
197.21776 0 0 4 0 cwnd_ 14.001 
197.85008 0 0 4 0 cwnd_ 14.072 
197.86672 0 0 4 0 cwnd_ 14.143 
197.88336 0 0 4 0 cwnd_ 14.214 
197.90000 0 0 4 0 cwnd_ 14.284 
197.91664 0 0 4 0 cwnd_ 14.354 
197.93328 0 0 4 0 cwnd_ 14.424 
197.94992 0 0 4 0 cwnd_ 14.493 
197.96656 0 0 4 0 cwnd_ 14.562 
197.98320 0 0 4 0 cwnd_ 14.631 
197.99984 0 0 4 0 cwnd_ 14.699 
198.01648 0 0 4 0 cwnd_ 14.767 
198.03312 0 0 4 0 cwnd_ 14.835 
198.04976 0 0 4 0 cwnd_ 14.902 
198.06640 0 0 4 0 cwnd_ 14.969 
198.71536 0 0 4 0 cwnd_ 15.036 
198.73200 0 0 4 0 cwnd_ 15.103 
198.74864 0 0 4 0 cwnd_ 15.169 
198.76528 0 0 4 0 cwnd_ 15.235 
198.78192 0 0 4 0 cwnd_ 15.300 
198.79856 0 0 4 0 cwnd_ 15.366 
198.81520 0 0 4 0 cwnd_ 15.431 
198.83184 0 0 4 0 cwnd_ 15.496 
198.84848 0 0 4 0 cwnd_ 15.560 
198.86512 0 0 4 0 cwnd_ 15.624 
198.88176 0 0 4 0 cwnd_ 15.688 
198.89840 0 0 4 0 cwnd_ 15.752 
198.91504 0 0 4 0 cwnd_ 15.816 
198.93168 0 0 4 0 cwnd_ 15.879 
199.59728 0 0 4 0 cwnd_ 15.942 
199.61392 0 0 4 0 cwnd_ 16.005 
199.63056 0 0 4 0 cwnd_ 16.067 
199.64720 0 0 4 0 cwnd_ 16.129 
199.66384 0 0 4 0 cwnd_ 16.191 
199.68048 0 0 4 0 cwnd_ 16.253 
199.69712 0 0 4 0 cwnd_ 16.315 
199.71376 0 0 4 0 cwnd_ 16.376 
199.73040 0 0 4 0 cwnd_ 16.437 
199.74704 0 0 4 0 cwnd_ 16.498 
199.76368 0 0 4 0 cwnd_ 16.558 
199.78032 0 0 4 0 cwnd_ 16.619 
199.79696 0 0 4 0 cwnd_ 16.679 
199.81360 0 0 4 0 cwnd_ 16.739 
199.83024 0 0 4 0 cwnd_ 16.799 
